This is pdfTeX, Version 3.1415926-1.40.10 (TeX Live 2009/Debian) (format=pdflatex 2012.11.24)  27 DEC 2012 14:20
entering extended mode
 %&-line parsing enabled.
**presentation
(./presentation.tex
LaTeX2e <2009/09/24>
Babel <v3.8l> and hyphenation patterns for english, usenglishmax, dumylang, noh
yphenation, loaded.
(/usr/share/texmf/tex/latex/beamer/base/beamer.cls
(/usr/share/texmf/tex/latex/beamer/base/beamerbasercs.sty
Package: beamerbasercs 2010/06/12 (rcs-revision c3821710bb40)
)
Document Class: beamer 2010/06/21 development version 3.10 A class for typesett
ing presentations (rcs-revision a6b1a8434d30)
(/usr/share/texmf/tex/latex/beamer/base/beamerbasemodes.sty
Package: beamerbasemodes 2010/05/01 (rcs-revision efa082c6111d)
\beamer@tempbox=\box26
\beamer@tempcount=\count79
\c@beamerpauses=\count80

(/usr/share/texmf/tex/latex/beamer/base/beamerbasedecode.sty
Package: beamerbasedecode 2010/05/01 (rcs-revision efa082c6111d)
\beamer@slideinframe=\count81
\beamer@minimum=\count82
)
\beamer@commentbox=\box27
\beamer@modecount=\count83
)
\headheight=\dimen102
\headdp=\dimen103
\footheight=\dimen104
\sidebarheight=\dimen105
\beamer@tempdim=\dimen106
\beamer@finalheight=\dimen107
\beamer@animht=\dimen108
\beamer@animdp=\dimen109
\beamer@animwd=\dimen110
\beamer@leftmargin=\dimen111
\beamer@rightmargin=\dimen112
\beamer@leftsidebar=\dimen113
\beamer@rightsidebar=\dimen114
\beamer@boxsize=\dimen115
\beamer@vboxoffset=\dimen116
\beamer@descdefault=\dimen117
\beamer@descriptionwidth=\dimen118
\beamer@lastskip=\skip41
\beamer@areabox=\box28
\beamer@animcurrent=\box29
\beamer@animshowbox=\box30
\beamer@sectionbox=\box31
\beamer@logobox=\box32
\beamer@linebox=\box33
\beamer@sectioncount=\count84
\beamer@subsubsectionmax=\count85
\beamer@subsectionmax=\count86
\beamer@sectionmax=\count87
\beamer@totalheads=\count88
\beamer@headcounter=\count89
\beamer@partstartpage=\count90
\beamer@sectionstartpage=\count91
\beamer@subsectionstartpage=\count92
\beamer@animationtempa=\count93
\beamer@animationtempb=\count94
\beamer@xpos=\count95
\beamer@ypos=\count96
\beamer@showpartnumber=\count97
\beamer@currentsubsection=\count98
\beamer@coveringdepth=\count99
\beamer@sectionadjust=\count100
\beamer@tocsectionnumber=\count101

(/usr/share/texmf/tex/latex/beamer/base/beamerbaseoptions.sty
Package: beamerbaseoptions 2010/04/27 (rcs-revision 982469101dd6)

(/usr/share/texmf-texlive/tex/latex/graphics/keyval.sty
Package: keyval 1999/03/16 v1.13 key=value parser (DPC)
\KV@toks@=\toks14
))
\beamer@paperwidth=\skip42
\beamer@paperheight=\skip43

(/usr/share/texmf-texlive/tex/latex/geometry/geometry.sty
Package: geometry 2008/12/21 v4.2 Page Geometry

(/usr/share/texmf-texlive/tex/generic/oberdiek/ifpdf.sty
Package: ifpdf 2009/04/10 v2.0 Provides the ifpdf switch (HO)
Package ifpdf Info: pdfTeX in pdf mode detected.
)
(/usr/share/texmf-texlive/tex/generic/oberdiek/ifvtex.sty
Package: ifvtex 2008/11/04 v1.4 Switches for detecting VTeX and its modes (HO)
Package ifvtex Info: VTeX not detected.
)
\Gm@cnth=\count102
\Gm@cntv=\count103
\c@Gm@tempcnt=\count104
\Gm@bindingoffset=\dimen119
\Gm@wd@mp=\dimen120
\Gm@odd@mp=\dimen121
\Gm@even@mp=\dimen122
\Gm@dimlist=\toks15
)
(/usr/share/texmf-texlive/tex/latex/extsizes/size9.clo
File: size9.clo 1999/11/11 v1.4a NON-Standard LaTeX file (size option)
)
(/usr/share/texmf/tex/latex/pgf/basiclayer/pgfcore.sty
(/usr/share/texmf-texlive/tex/latex/graphics/graphicx.sty
Package: graphicx 1999/02/16 v1.0f Enhanced LaTeX Graphics (DPC,SPQR)

(/usr/share/texmf-texlive/tex/latex/graphics/graphics.sty
Package: graphics 2009/02/05 v1.0o Standard LaTeX Graphics (DPC,SPQR)

(/usr/share/texmf-texlive/tex/latex/graphics/trig.sty
Package: trig 1999/03/16 v1.09 sin cos tan (DPC)
)
(/etc/texmf/tex/latex/config/graphics.cfg
File: graphics.cfg 2009/08/28 v1.8 graphics configuration of TeX Live
)
Package graphics Info: Driver file: pdftex.def on input line 91.

(/usr/share/texmf-texlive/tex/latex/pdftex-def/pdftex.def
File: pdftex.def 2010/03/12 v0.04p Graphics/color for pdfTeX
\Gread@gobject=\count105
))
\Gin@req@height=\dimen123
\Gin@req@width=\dimen124
)
(/usr/share/texmf/tex/latex/pgf/systemlayer/pgfsys.sty
(/usr/share/texmf/tex/latex/pgf/utilities/pgfrcs.sty
(/usr/share/texmf/tex/generic/pgf/utilities/pgfutil-common.tex
\pgfutil@everybye=\toks16
)
(/usr/share/texmf/tex/generic/pgf/utilities/pgfutil-latex.def
\pgfutil@abb=\box34

(/usr/share/texmf-texlive/tex/latex/ms/everyshi.sty
Package: everyshi 2001/05/15 v3.00 EveryShipout Package (MS)
))
(/usr/share/texmf/tex/generic/pgf/utilities/pgfrcs.code.tex
Package: pgfrcs 2010/10/25 v2.10 (rcs-revision 1.24)
))
(/usr/share/texmf/tex/generic/pgf/systemlayer/pgfsys.code.tex
Package: pgfsys 2010/06/30 v2.10 (rcs-revision 1.37)

(/usr/share/texmf/tex/generic/pgf/utilities/pgfkeys.code.tex
\pgfkeys@pathtoks=\toks17
\pgfkeys@temptoks=\toks18

(/usr/share/texmf/tex/generic/pgf/utilities/pgfkeysfiltered.code.tex
\pgfkeys@tmptoks=\toks19
))
\pgf@x=\dimen125
\pgf@y=\dimen126
\pgf@xa=\dimen127
\pgf@ya=\dimen128
\pgf@xb=\dimen129
\pgf@yb=\dimen130
\pgf@xc=\dimen131
\pgf@yc=\dimen132
\w@pgf@writea=\write3
\r@pgf@reada=\read1
\c@pgf@counta=\count106
\c@pgf@countb=\count107
\c@pgf@countc=\count108
\c@pgf@countd=\count109

(/usr/share/texmf/tex/generic/pgf/systemlayer/pgf.cfg
File: pgf.cfg 2008/05/14  (rcs-revision 1.7)
)
Package pgfsys Info: Driver file for pgf: pgfsys-pdftex.def on input line 900.

(/usr/share/texmf/tex/generic/pgf/systemlayer/pgfsys-pdftex.def
File: pgfsys-pdftex.def 2009/05/22  (rcs-revision 1.26)

(/usr/share/texmf/tex/generic/pgf/systemlayer/pgfsys-common-pdf.def
File: pgfsys-common-pdf.def 2008/05/19  (rcs-revision 1.10)
)))
(/usr/share/texmf/tex/generic/pgf/systemlayer/pgfsyssoftpath.code.tex
File: pgfsyssoftpath.code.tex 2008/07/18  (rcs-revision 1.7)
\pgfsyssoftpath@smallbuffer@items=\count110
\pgfsyssoftpath@bigbuffer@items=\count111
)
(/usr/share/texmf/tex/generic/pgf/systemlayer/pgfsysprotocol.code.tex
File: pgfsysprotocol.code.tex 2006/10/16  (rcs-revision 1.4)
))
(/usr/share/texmf/tex/latex/xcolor/xcolor.sty
Package: xcolor 2007/01/21 v2.11 LaTeX color extensions (UK)

(/etc/texmf/tex/latex/config/color.cfg
File: color.cfg 2007/01/18 v1.5 color configuration of teTeX/TeXLive
)
Package xcolor Info: Driver file: pdftex.def on input line 225.
Package xcolor Info: Model `cmy' substituted by `cmy0' on input line 1337.
Package xcolor Info: Model `hsb' substituted by `rgb' on input line 1341.
Package xcolor Info: Model `RGB' extended on input line 1353.
Package xcolor Info: Model `HTML' substituted by `rgb' on input line 1355.
Package xcolor Info: Model `Hsb' substituted by `hsb' on input line 1356.
Package xcolor Info: Model `tHsb' substituted by `hsb' on input line 1357.
Package xcolor Info: Model `HSB' substituted by `hsb' on input line 1358.
Package xcolor Info: Model `Gray' substituted by `gray' on input line 1359.
Package xcolor Info: Model `wave' substituted by `hsb' on input line 1360.
)
(/usr/share/texmf/tex/generic/pgf/basiclayer/pgfcore.code.tex
Package: pgfcore 2010/04/11 v2.10 (rcs-revision 1.7)

(/usr/share/texmf/tex/generic/pgf/math/pgfmath.code.tex
(/usr/share/texmf/tex/generic/pgf/math/pgfmathcalc.code.tex
(/usr/share/texmf/tex/generic/pgf/math/pgfmathutil.code.tex)
(/usr/share/texmf/tex/generic/pgf/math/pgfmathparser.code.tex
\pgfmath@dimen=\dimen133
\pgfmath@count=\count112
\pgfmath@box=\box35
\pgfmath@toks=\toks20
\pgfmath@stack@operand=\toks21
\pgfmath@stack@operation=\toks22
)
(/usr/share/texmf/tex/generic/pgf/math/pgfmathfunctions.code.tex
(/usr/share/texmf/tex/generic/pgf/math/pgfmathfunctions.basic.code.tex)
(/usr/share/texmf/tex/generic/pgf/math/pgfmathfunctions.trigonometric.code.tex)
(/usr/share/texmf/tex/generic/pgf/math/pgfmathfunctions.random.code.tex)
(/usr/share/texmf/tex/generic/pgf/math/pgfmathfunctions.comparison.code.tex)
(/usr/share/texmf/tex/generic/pgf/math/pgfmathfunctions.base.code.tex)
(/usr/share/texmf/tex/generic/pgf/math/pgfmathfunctions.round.code.tex)
(/usr/share/texmf/tex/generic/pgf/math/pgfmathfunctions.misc.code.tex)))
(/usr/share/texmf/tex/generic/pgf/math/pgfmathfloat.code.tex
\c@pgfmathroundto@lastzeros=\count113
))
(/usr/share/texmf/tex/generic/pgf/basiclayer/pgfcorepoints.code.tex
File: pgfcorepoints.code.tex 2010/04/09  (rcs-revision 1.20)
\pgf@picminx=\dimen134
\pgf@picmaxx=\dimen135
\pgf@picminy=\dimen136
\pgf@picmaxy=\dimen137
\pgf@pathminx=\dimen138
\pgf@pathmaxx=\dimen139
\pgf@pathminy=\dimen140
\pgf@pathmaxy=\dimen141
\pgf@xx=\dimen142
\pgf@xy=\dimen143
\pgf@yx=\dimen144
\pgf@yy=\dimen145
\pgf@zx=\dimen146
\pgf@zy=\dimen147
)
(/usr/share/texmf/tex/generic/pgf/basiclayer/pgfcorepathconstruct.code.tex
File: pgfcorepathconstruct.code.tex 2010/08/03  (rcs-revision 1.24)
\pgf@path@lastx=\dimen148
\pgf@path@lasty=\dimen149
)
(/usr/share/texmf/tex/generic/pgf/basiclayer/pgfcorepathusage.code.tex
File: pgfcorepathusage.code.tex 2008/04/22  (rcs-revision 1.12)
\pgf@shorten@end@additional=\dimen150
\pgf@shorten@start@additional=\dimen151
)
(/usr/share/texmf/tex/generic/pgf/basiclayer/pgfcorescopes.code.tex
File: pgfcorescopes.code.tex 2010/09/08  (rcs-revision 1.34)
\pgfpic=\box36
\pgf@hbox=\box37
\pgf@layerbox@main=\box38
\pgf@picture@serial@count=\count114
)
(/usr/share/texmf/tex/generic/pgf/basiclayer/pgfcoregraphicstate.code.tex
File: pgfcoregraphicstate.code.tex 2008/04/22  (rcs-revision 1.9)
\pgflinewidth=\dimen152
)
(/usr/share/texmf/tex/generic/pgf/basiclayer/pgfcoretransformations.code.tex
File: pgfcoretransformations.code.tex 2009/06/10  (rcs-revision 1.11)
\pgf@pt@x=\dimen153
\pgf@pt@y=\dimen154
\pgf@pt@temp=\dimen155
)
(/usr/share/texmf/tex/generic/pgf/basiclayer/pgfcorequick.code.tex
File: pgfcorequick.code.tex 2008/10/09  (rcs-revision 1.3)
)
(/usr/share/texmf/tex/generic/pgf/basiclayer/pgfcoreobjects.code.tex
File: pgfcoreobjects.code.tex 2006/10/11  (rcs-revision 1.2)
)
(/usr/share/texmf/tex/generic/pgf/basiclayer/pgfcorepathprocessing.code.tex
File: pgfcorepathprocessing.code.tex 2008/10/09  (rcs-revision 1.8)
)
(/usr/share/texmf/tex/generic/pgf/basiclayer/pgfcorearrows.code.tex
File: pgfcorearrows.code.tex 2008/04/23  (rcs-revision 1.11)
)
(/usr/share/texmf/tex/generic/pgf/basiclayer/pgfcoreshade.code.tex
File: pgfcoreshade.code.tex 2008/11/23  (rcs-revision 1.13)
\pgf@max=\dimen156
\pgf@sys@shading@range@num=\count115
)
(/usr/share/texmf/tex/generic/pgf/basiclayer/pgfcoreimage.code.tex
File: pgfcoreimage.code.tex 2010/03/25  (rcs-revision 1.16)

(/usr/share/texmf/tex/generic/pgf/basiclayer/pgfcoreexternal.code.tex
File: pgfcoreexternal.code.tex 2010/09/01  (rcs-revision 1.17)
\pgfexternal@startupbox=\box39
))
(/usr/share/texmf/tex/generic/pgf/basiclayer/pgfcorelayers.code.tex
File: pgfcorelayers.code.tex 2010/08/27  (rcs-revision 1.2)
)
(/usr/share/texmf/tex/generic/pgf/basiclayer/pgfcoretransparency.code.tex
File: pgfcoretransparency.code.tex 2008/01/17  (rcs-revision 1.2)
)
(/usr/share/texmf/tex/generic/pgf/basiclayer/pgfcorepatterns.code.tex
File: pgfcorepatterns.code.tex 2009/07/02  (rcs-revision 1.3)
)))
(/usr/share/texmf/tex/latex/pgf/utilities/xxcolor.sty
Package: xxcolor 2003/10/24 ver 0.1
\XC@nummixins=\count116
\XC@countmixins=\count117
)
(/usr/share/texmf-texlive/tex/latex/hyperref/hyperref.sty
Package: hyperref 2009/10/09 v6.79a Hypertext links for LaTeX

(/usr/share/texmf-texlive/tex/generic/ifxetex/ifxetex.sty
Package: ifxetex 2009/01/23 v0.5 Provides ifxetex conditional
)
(/usr/share/texmf-texlive/tex/latex/oberdiek/hycolor.sty
Package: hycolor 2009/10/02 v1.5 Code for color options of hyperref/bookmark (H
O)

(/usr/share/texmf-texlive/tex/latex/oberdiek/xcolor-patch.sty
Package: xcolor-patch 2009/10/02 xcolor patch
))
\@linkdim=\dimen157
\Hy@linkcounter=\count118
\Hy@pagecounter=\count119

(/usr/share/texmf-texlive/tex/latex/hyperref/pd1enc.def
File: pd1enc.def 2009/10/09 v6.79a Hyperref: PDFDocEncoding definition (HO)
)
(/usr/share/texmf-texlive/tex/generic/oberdiek/etexcmds.sty
Package: etexcmds 2007/12/12 v1.2 Prefix for e-TeX command names (HO)

(/usr/share/texmf-texlive/tex/generic/oberdiek/infwarerr.sty
Package: infwarerr 2007/09/09 v1.2 Providing info/warning/message (HO)
)
Package etexcmds Info: Could not find \expanded.
(etexcmds)             That can mean that you are not using pdfTeX 1.50 or
(etexcmds)             that some package has redefined \expanded.
(etexcmds)             In the latter case, load this package earlier.
)
(/usr/share/texmf-texlive/tex/latex/latexconfig/hyperref.cfg
File: hyperref.cfg 2002/06/06 v1.2 hyperref configuration of TeXLive
)
(/usr/share/texmf-texlive/tex/latex/oberdiek/kvoptions.sty
Package: kvoptions 2009/08/13 v3.4 Keyval support for LaTeX options (HO)

(/usr/share/texmf-texlive/tex/generic/oberdiek/kvsetkeys.sty
Package: kvsetkeys 2009/07/30 v1.5 Key value parser with default handler suppor
t (HO)
))
Package hyperref Info: Option `bookmarks' set `true' on input line 2864.
Package hyperref Info: Option `bookmarksopen' set `true' on input line 2864.
Package hyperref Info: Option `implicit' set `false' on input line 2864.
Package hyperref Info: Hyper figures OFF on input line 2975.
Package hyperref Info: Link nesting OFF on input line 2980.
Package hyperref Info: Hyper index ON on input line 2983.
Package hyperref Info: Plain pages OFF on input line 2990.
Package hyperref Info: Backreferencing OFF on input line 2995.

Implicit mode OFF; no redefinition of LaTeX internals
Package hyperref Info: Bookmarks ON on input line 3191.
(/usr/share/texmf-texlive/tex/latex/ltxmisc/url.sty
\Urlmuskip=\muskip10
Package: url 2006/04/12  ver 3.3  Verb mode for urls, etc.
)
LaTeX Info: Redefining \url on input line 3428.

(/usr/share/texmf-texlive/tex/generic/oberdiek/bitset.sty
Package: bitset 2007/09/28 v1.0 Data type bit set (HO)

(/usr/share/texmf-texlive/tex/generic/oberdiek/intcalc.sty
Package: intcalc 2007/09/27 v1.1 Expandable integer calculations (HO)
)
(/usr/share/texmf-texlive/tex/generic/oberdiek/bigintcalc.sty
Package: bigintcalc 2007/11/11 v1.1 Expandable big integer calculations (HO)

(/usr/share/texmf-texlive/tex/generic/oberdiek/pdftexcmds.sty
Package: pdftexcmds 2009/09/23 v0.6 LuaTeX support for pdfTeX utility functions
 (HO)

(/usr/share/texmf-texlive/tex/generic/oberdiek/ifluatex.sty
Package: ifluatex 2009/04/17 v1.2 Provides the ifluatex switch (HO)
Package ifluatex Info: LuaTeX not detected.
)
(/usr/share/texmf-texlive/tex/generic/oberdiek/ltxcmds.sty
Package: ltxcmds 2009/08/05 v1.0 Some LaTeX kernel commands for general use (HO
)
)
Package pdftexcmds Info: LuaTeX not detected.
Package pdftexcmds Info: \pdf@primitive is available.
Package pdftexcmds Info: \pdf@ifprimitive is available.
)))
\Fld@menulength=\count120
\Field@Width=\dimen158
\Fld@charsize=\dimen159
\Field@toks=\toks23
Package hyperref Info: Hyper figures OFF on input line 4377.
Package hyperref Info: Link nesting OFF on input line 4382.
Package hyperref Info: Hyper index ON on input line 4385.
Package hyperref Info: backreferencing OFF on input line 4392.
Package hyperref Info: Link coloring OFF on input line 4397.
Package hyperref Info: Link coloring with OCG OFF on input line 4402.
Package hyperref Info: PDF/A mode OFF on input line 4407.

(/usr/share/texmf-texlive/tex/generic/oberdiek/atbegshi.sty
Package: atbegshi 2008/07/31 v1.9 At begin shipout hook (HO)
)
\Hy@abspage=\count121

Hyperref stopped early
)
*hyperref using default driver hpdftex*
(/usr/share/texmf-texlive/tex/latex/hyperref/hpdftex.def
File: hpdftex.def 2009/10/09 v6.79a Hyperref driver for pdfTeX
\Fld@listcount=\count122
)
(/usr/share/texmf/tex/latex/beamer/base/beamerbaserequires.sty
Package: beamerbaserequires 2010/05/01  (rcs-revision efa082c6111d)

(/usr/share/texmf/tex/latex/beamer/base/beamerbasecompatibility.sty
Package: beamerbasecompatibility 2010/07/12  (rcs-revision 6648c3177e4e)
)
(/usr/share/texmf/tex/latex/beamer/base/beamerbasefont.sty
Package: beamerbasefont 2010/05/10  (rcs-revision cd36e8a33c6b)

(/usr/share/texmf-texlive/tex/latex/amsfonts/amssymb.sty
Package: amssymb 2009/06/22 v3.00

(/usr/share/texmf-texlive/tex/latex/amsfonts/amsfonts.sty
Package: amsfonts 2009/06/22 v3.00 Basic AMSFonts support
\@emptytoks=\toks24
\symAMSa=\mathgroup4
\symAMSb=\mathgroup5
LaTeX Font Info:    Overwriting math alphabet `\mathfrak' in version `bold'
(Font)                  U/euf/m/n --> U/euf/b/n on input line 96.
)))
(/usr/share/texmf/tex/latex/beamer/base/beamerbasetranslator.sty
Package: beamerbasetranslator 2010/06/11  (rcs-revision 85fd1cc7fc42)

(/usr/share/texmf/tex/latex/beamer/base/translator/translator.sty
Package: translator 2010/06/12 ver 1.10

(/usr/share/texmf/tex/latex/beamer/base/translator/translator-language-mappings
.tex))) (/usr/share/texmf/tex/latex/beamer/base/beamerbasemisc.sty
Package: beamerbasemisc 2010/06/06  (rcs-revision bff0a9294b45)
)
(/usr/share/texmf/tex/latex/beamer/base/beamerbasetwoscreens.sty
Package: beamerbasetwoscreens 2010/05/01  (rcs-revision efa082c6111d)
)
(/usr/share/texmf/tex/latex/beamer/base/beamerbaseoverlay.sty
Package: beamerbaseoverlay 2010/05/07  (rcs-revision 5584dad462a9)
\beamer@argscount=\count123
\beamer@lastskipcover=\skip44
\beamer@trivlistdepth=\count124
)
(/usr/share/texmf/tex/latex/beamer/base/beamerbasetitle.sty
Package: beamerbasetitle 2010/06/12  (rcs-revision 717e481ca47a)
)
(/usr/share/texmf/tex/latex/beamer/base/beamerbasesection.sty
Package: beamerbasesection 2010/06/17  (rcs-revision e0d9401bb743)
\c@lecture=\count125
\c@part=\count126
\c@section=\count127
\c@subsection=\count128
\c@subsubsection=\count129
)
(/usr/share/texmf/tex/latex/beamer/base/beamerbaseframe.sty
Package: beamerbaseframe 2010/06/06  (rcs-revision bff0a9294b45)
\beamer@framebox=\box40
\beamer@frametitlebox=\box41
\beamer@zoombox=\box42
\beamer@zoomcount=\count130
\beamer@zoomframecount=\count131
\beamer@frametextheight=\dimen160
\c@subsectionslide=\count132
\beamer@frametopskip=\skip45
\beamer@framebottomskip=\skip46
\beamer@frametopskipautobreak=\skip47
\beamer@framebottomskipautobreak=\skip48
\beamer@envbody=\toks25
\c@framenumber=\count133
)
(/usr/share/texmf/tex/latex/beamer/base/beamerbaseverbatim.sty
Package: beamerbaseverbatim 2010/05/01  (rcs-revision efa082c6111d)
\beamer@verbatimfileout=\write4
)
(/usr/share/texmf/tex/latex/beamer/base/beamerbaseframesize.sty
Package: beamerbaseframesize 2010/06/27  (rcs-revision 6baa2d92e6f1)
\beamer@splitbox=\box43
\beamer@autobreakcount=\count134
\beamer@autobreaklastheight=\dimen161
\beamer@frametitletoks=\toks26
\beamer@framesubtitletoks=\toks27
)
(/usr/share/texmf/tex/latex/beamer/base/beamerbaseframecomponents.sty
Package: beamerbaseframecomponents 2010/07/12  (rcs-revision 09e82992d9b1)
\beamer@footins=\box44
)
(/usr/share/texmf/tex/latex/beamer/base/beamerbasecolor.sty
Package: beamerbasecolor 2010/06/06  (rcs-revision d1a9b48be06d)
)
(/usr/share/texmf/tex/latex/beamer/base/beamerbasenotes.sty
Package: beamerbasenotes 2010/05/01  (rcs-revision efa082c6111d)
\beamer@frameboxcopy=\box45
)
(/usr/share/texmf/tex/latex/beamer/base/beamerbasetoc.sty
Package: beamerbasetoc 2010/06/11  (rcs-revision 242ecaa6783b)
)
(/usr/share/texmf/tex/latex/beamer/base/beamerbasetemplates.sty
Package: beamerbasetemplates 2010/05/01  (rcs-revision efa082c6111d)
\beamer@sbttoks=\toks28

(/usr/share/texmf/tex/latex/beamer/base/beamerbaseauxtemplates.sty
Package: beamerbaseauxtemplates 2010/05/01  (rcs-revision efa082c6111d)

(/usr/share/texmf/tex/latex/beamer/base/beamerbaseboxes.sty
Package: beamerbaseboxes 2010/05/01  (rcs-revision efa082c6111d)
\bmb@box=\box46
\bmb@colorbox=\box47
\bmb@boxshadow=\box48
\bmb@boxshadowball=\box49
\bmb@boxshadowballlarge=\box50
\bmb@temp=\dimen162
\bmb@dima=\dimen163
\bmb@dimb=\dimen164
\bmb@prevheight=\dimen165
)
\beamer@blockheadheight=\dimen166
))
(/usr/share/texmf/tex/latex/beamer/base/beamerbaselocalstructure.sty
Package: beamerbaselocalstructure 2010/06/01  (rcs-revision 81f9e33f7cc2)

(/usr/share/texmf-texlive/tex/latex/tools/enumerate.sty
Package: enumerate 1999/03/05 v3.00 enumerate extensions (DPC)
\@enLab=\toks29
)
\c@figure=\count135
\c@table=\count136
\abovecaptionskip=\skip49
\belowcaptionskip=\skip50
)
(/usr/share/texmf/tex/latex/beamer/base/beamerbasenavigation.sty
Package: beamerbasenavigation 2010/05/01  (rcs-revision efa082c6111d)
)
(/usr/share/texmf/tex/latex/beamer/base/beamerbasetheorems.sty
Package: beamerbasetheorems 2010/06/06  (rcs-revision 7e7cc5e53e9d)

(/usr/share/texmf-texlive/tex/latex/amsmath/amsmath.sty
Package: amsmath 2000/07/18 v2.13 AMS math features
\@mathmargin=\skip51

For additional information on amsmath, use the `?' option.
(/usr/share/texmf-texlive/tex/latex/amsmath/amstext.sty
Package: amstext 2000/06/29 v2.01

(/usr/share/texmf-texlive/tex/latex/amsmath/amsgen.sty
File: amsgen.sty 1999/11/30 v2.0
\@emptytoks=\toks30
\ex@=\dimen167
))
(/usr/share/texmf-texlive/tex/latex/amsmath/amsbsy.sty
Package: amsbsy 1999/11/29 v1.2d
\pmbraise@=\dimen168
)
(/usr/share/texmf-texlive/tex/latex/amsmath/amsopn.sty
Package: amsopn 1999/12/14 v2.01 operator names
)
\inf@bad=\count137
LaTeX Info: Redefining \frac on input line 211.
\uproot@=\count138
\leftroot@=\count139
LaTeX Info: Redefining \overline on input line 307.
\classnum@=\count140
\DOTSCASE@=\count141
LaTeX Info: Redefining \ldots on input line 379.
LaTeX Info: Redefining \dots on input line 382.
LaTeX Info: Redefining \cdots on input line 467.
\Mathstrutbox@=\box51
\strutbox@=\box52
\big@size=\dimen169
LaTeX Font Info:    Redeclaring font encoding OML on input line 567.
LaTeX Font Info:    Redeclaring font encoding OMS on input line 568.
\macc@depth=\count142
\c@MaxMatrixCols=\count143
\dotsspace@=\muskip11
\c@parentequation=\count144
\dspbrk@lvl=\count145
\tag@help=\toks31
\row@=\count146
\column@=\count147
\maxfields@=\count148
\andhelp@=\toks32
\eqnshift@=\dimen170
\alignsep@=\dimen171
\tagshift@=\dimen172
\tagwidth@=\dimen173
\totwidth@=\dimen174
\lineht@=\dimen175
\@envbody=\toks33
\multlinegap=\skip52
\multlinetaggap=\skip53
\mathdisplay@stack=\toks34
LaTeX Info: Redefining \[ on input line 2666.
LaTeX Info: Redefining \] on input line 2667.
)
(/usr/share/texmf-texlive/tex/latex/amscls/amsthm.sty
Package: amsthm 2004/08/06 v2.20
\thm@style=\toks35
\thm@bodyfont=\toks36
\thm@headfont=\toks37
\thm@notefont=\toks38
\thm@headpunct=\toks39
\thm@preskip=\skip54
\thm@postskip=\skip55
\thm@headsep=\skip56
\dth@everypar=\toks40
)
\c@theorem=\count149
)
(/usr/share/texmf/tex/latex/beamer/base/beamerbasethemes.sty
Package: beamerbasethemes 2010/05/01  (rcs-revision efa082c6111d)
))
(/usr/share/texmf/tex/latex/beamer/base/themes/theme/beamerthemedefault.sty
Package: beamerthemedefault 2010/06/17  (rcs-revision d02a7cf4d8ae)

(/usr/share/texmf/tex/latex/beamer/base/themes/font/beamerfontthemedefault.sty
Package: beamerfontthemedefault 2010/06/17  (rcs-revision d02a7cf4d8ae)
)
(/usr/share/texmf/tex/latex/beamer/base/themes/color/beamercolorthemedefault.st
y
Package: beamercolorthemedefault 2010/06/17  (rcs-revision d02a7cf4d8ae)
)
(/usr/share/texmf/tex/latex/beamer/base/themes/inner/beamerinnerthemedefault.st
y
Package: beamerinnerthemedefault 2010/06/17  (rcs-revision d02a7cf4d8ae)
\beamer@dima=\dimen176
\beamer@dimb=\dimen177
)
(/usr/share/texmf/tex/latex/beamer/base/themes/outer/beamerouterthemedefault.st
y
Package: beamerouterthemedefault 2010/06/17  (rcs-revision d02a7cf4d8ae)
))) (/usr/share/texmf/tex/latex/beamer/base/themes/theme/beamerthemeMadrid.sty
Package: beamerthemeMadrid 2010/06/17  (rcs-revision d02a7cf4d8ae)
(/usr/share/texmf/tex/latex/beamer/base/themes/color/beamercolorthemewhale.sty
Package: beamercolorthemewhale 2010/06/17  (rcs-revision d02a7cf4d8ae)
)
(/usr/share/texmf/tex/latex/beamer/base/themes/color/beamercolorthemeorchid.sty
Package: beamercolorthemeorchid 2010/06/17  (rcs-revision d02a7cf4d8ae)
)
(/usr/share/texmf/tex/latex/beamer/base/themes/inner/beamerinnerthemerounded.st
y
Package: beamerinnerthemerounded 2010/06/17  (rcs-revision d02a7cf4d8ae)
)
(/usr/share/texmf/tex/latex/beamer/base/themes/outer/beamerouterthemeinfolines.
sty
Package: beamerouterthemeinfolines 2010/07/10  (rcs-revision 445340293dde)
)) (/usr/share/texmf-texlive/tex/latex/tools/tabularx.sty
Package: tabularx 1999/01/07 v2.07 `tabularx' package (DPC)

(/usr/share/texmf-texlive/tex/latex/tools/array.sty
Package: array 2008/09/09 v2.4c Tabular extension package (FMi)
\col@sep=\dimen178
\extrarowheight=\dimen179
\NC@list=\toks41
\extratabsurround=\skip57
\backup@length=\skip58
)
\TX@col@width=\dimen180
\TX@old@table=\dimen181
\TX@old@col=\dimen182
\TX@target=\dimen183
\TX@delta=\dimen184
\TX@cols=\count150
\TX@ftn=\toks42
)
(/home/pranav/Desktop/Thesis_work/Latex_thesis_work/my_thesis_template/pgfplots
_1.7.tds/tex/latex/pgfplots/pgfplots.sty
(/home/pranav/Desktop/Thesis_work/Latex_thesis_work/my_thesis_template/pgfplots
_1.7.tds/tex/generic/pgfplots/pgfplots.revision.tex)
Package: pgfplots 2012/10/26 v1.7 Data Visualization (1.7-2-ge24fff4)

(/usr/share/texmf/tex/latex/pgf/frontendlayer/tikz.sty
(/usr/share/texmf/tex/latex/pgf/basiclayer/pgf.sty
Package: pgf 2008/01/15 v2.10 (rcs-revision 1.12)

(/usr/share/texmf/tex/generic/pgf/modules/pgfmoduleshapes.code.tex
File: pgfmoduleshapes.code.tex 2010/09/09  (rcs-revision 1.13)
\pgfnodeparttextbox=\box53
)
(/usr/share/texmf/tex/generic/pgf/modules/pgfmoduleplot.code.tex
File: pgfmoduleplot.code.tex 2010/10/22  (rcs-revision 1.8)
)
(/usr/share/texmf/tex/latex/pgf/compatibility/pgfcomp-version-0-65.sty
Package: pgfcomp-version-0-65 2007/07/03 v2.10 (rcs-revision 1.7)
\pgf@nodesepstart=\dimen185
\pgf@nodesepend=\dimen186
)
(/usr/share/texmf/tex/latex/pgf/compatibility/pgfcomp-version-1-18.sty
Package: pgfcomp-version-1-18 2007/07/23 v2.10 (rcs-revision 1.1)
))
(/usr/share/texmf/tex/latex/pgf/utilities/pgffor.sty
(/usr/share/texmf/tex/latex/pgf/utilities/pgfkeys.sty
(/usr/share/texmf/tex/generic/pgf/utilities/pgfkeys.code.tex))
(/usr/share/texmf/tex/generic/pgf/utilities/pgffor.code.tex
Package: pgffor 2010/03/23 v2.10 (rcs-revision 1.18)
\pgffor@iter=\dimen187
\pgffor@skip=\dimen188
\pgffor@stack=\toks43
\pgffor@toks=\toks44
))
(/usr/share/texmf/tex/generic/pgf/frontendlayer/tikz/tikz.code.tex
Package: tikz 2010/10/13 v2.10 (rcs-revision 1.76)

(/usr/share/texmf/tex/generic/pgf/libraries/pgflibraryplothandlers.code.tex
File: pgflibraryplothandlers.code.tex 2010/05/31 v2.10 (rcs-revision 1.15)
\pgf@plot@mark@count=\count151
\pgfplotmarksize=\dimen189
)
\tikz@lastx=\dimen190
\tikz@lasty=\dimen191
\tikz@lastxsaved=\dimen192
\tikz@lastysaved=\dimen193
\tikzleveldistance=\dimen194
\tikzsiblingdistance=\dimen195
\tikz@figbox=\box54
\tikz@tempbox=\box55
\tikztreelevel=\count152
\tikznumberofchildren=\count153
\tikznumberofcurrentchild=\count154
\tikz@fig@count=\count155

(/usr/share/texmf/tex/generic/pgf/modules/pgfmodulematrix.code.tex
File: pgfmodulematrix.code.tex 2010/08/24  (rcs-revision 1.4)
\pgfmatrixcurrentrow=\count156
\pgfmatrixcurrentcolumn=\count157
\pgf@matrix@numberofcolumns=\count158
)
\tikz@expandcount=\count159

(/usr/share/texmf/tex/generic/pgf/frontendlayer/tikz/libraries/tikzlibrarytopat
hs.code.tex
File: tikzlibrarytopaths.code.tex 2008/06/17 v2.10 (rcs-revision 1.2)
)))
(/home/pranav/Desktop/Thesis_work/Latex_thesis_work/my_thesis_template/pgfplots
_1.7.tds/tex/generic/pgfplots/pgfplots.code.tex
(/home/pranav/Desktop/Thesis_work/Latex_thesis_work/my_thesis_template/pgfplots
_1.7.tds/tex/generic/pgfplots/pgfplotscore.code.tex
\t@pgfplots@toka=\toks45
\t@pgfplots@tokb=\toks46
\t@pgfplots@tokc=\toks47
\pgfplots@tmpa=\dimen196
\c@pgfplots@coordindex=\count160
\c@pgfplots@scanlineindex=\count161

(/home/pranav/Desktop/Thesis_work/Latex_thesis_work/my_thesis_template/pgfplots
_1.7.tds/tex/generic/pgfplots/sys/pgfplotssysgeneric.code.tex))
(/home/pranav/Desktop/Thesis_work/Latex_thesis_work/my_thesis_template/pgfplots
_1.7.tds/tex/generic/pgfplots/libs/pgfplotslibrary.code.tex)
(/home/pranav/Desktop/Thesis_work/Latex_thesis_work/my_thesis_template/pgfplots
_1.7.tds/tex/generic/pgfplots/oldpgfcompatib/pgfplotsoldpgfsupp_loader.code.tex
Package pgfplots: loading complementary code for your PGF version...

(/home/pranav/Desktop/Thesis_work/Latex_thesis_work/my_thesis_template/pgfplots
_1.7.tds/tex/generic/pgfplots/oldpgfcompatib/pgfplotsoldpgfsupp_misc.code.tex)
(/home/pranav/Desktop/Thesis_work/Latex_thesis_work/my_thesis_template/pgfplots
_1.7.tds/tex/generic/pgfplots/oldpgfcompatib/pgfplotsoldpgfsupp_pgfkeys.code.te
x
\pgfkeys@pathtoks=\toks48
\pgfkeys@temptoks=\toks49

(/home/pranav/Desktop/Thesis_work/Latex_thesis_work/my_thesis_template/pgfplots
_1.7.tds/tex/generic/pgfplots/oldpgfcompatib/pgfplotsoldpgfsupp_pgfkeysfiltered
.code.tex
\pgfkeys@tmptoks=\toks50
))
(/home/pranav/Desktop/Thesis_work/Latex_thesis_work/my_thesis_template/pgfplots
_1.7.tds/tex/generic/pgfplots/oldpgfcompatib/pgfplotsoldpgfsupp_pgfmathfloat.co
de.tex
\c@pgfmathroundto@lastzeros=\count162
)
(/home/pranav/Desktop/Thesis_work/Latex_thesis_work/my_thesis_template/pgfplots
_1.7.tds/tex/generic/pgfplots/oldpgfcompatib/pgfplotsoldpgfsupp_pgflibraryploth
andlers.code.tex
File: pgflibraryplothandlers.code.tex 2012/09/11 v2.10 (rcs-revision 1.17)
\pgf@plot@mark@count=\count163
\pgfplotmarksize=\dimen197
)
(/home/pranav/Desktop/Thesis_work/Latex_thesis_work/my_thesis_template/pgfplots
_1.7.tds/tex/generic/pgfplots/oldpgfcompatib/pgfplotsoldpgfsupp_pgflibraryfpu.c
ode.tex)
(/home/pranav/Desktop/Thesis_work/Latex_thesis_work/my_thesis_template/pgfplots
_1.7.tds/tex/generic/pgfplots/oldpgfcompatib/pgfplotsoldpgfsupp_pgfcorescopes.c
ode.tex
File: pgfcorescopes.code.tex 2011/10/01  (rcs-revision 1.37)
\pgfpic=\box56
\pgf@hbox=\box57
\pgf@layerbox@main=\box58
\pgf@picture@serial@count=\count164
)
(/home/pranav/Desktop/Thesis_work/Latex_thesis_work/my_thesis_template/pgfplots
_1.7.tds/tex/generic/pgfplots/oldpgfcompatib/pgfplotsoldpgfsupp_pgfcorelayers.c
ode.tex
File: pgfcorelayers.code.tex 2011/10/02  (rcs-revision 1.4)
))
(/home/pranav/Desktop/Thesis_work/Latex_thesis_work/my_thesis_template/pgfplots
_1.7.tds/tex/generic/pgfplots/util/pgfplotsutil.code.tex
(/home/pranav/Desktop/Thesis_work/Latex_thesis_work/my_thesis_template/pgfplots
_1.7.tds/tex/generic/pgfplots/liststructure/pgfplotsliststructure.code.tex)
(/home/pranav/Desktop/Thesis_work/Latex_thesis_work/my_thesis_template/pgfplots
_1.7.tds/tex/generic/pgfplots/liststructure/pgfplotsliststructureext.code.tex)
(/home/pranav/Desktop/Thesis_work/Latex_thesis_work/my_thesis_template/pgfplots
_1.7.tds/tex/generic/pgfplots/liststructure/pgfplotsarray.code.tex
\c@pgfplotsarray@tmp=\count165
)
(/home/pranav/Desktop/Thesis_work/Latex_thesis_work/my_thesis_template/pgfplots
_1.7.tds/tex/generic/pgfplots/liststructure/pgfplotsmatrix.code.tex)
(/home/pranav/Desktop/Thesis_work/Latex_thesis_work/my_thesis_template/pgfplots
_1.7.tds/tex/generic/pgfplots/numtable/pgfplotstableshared.code.tex
\c@pgfplotstable@counta=\count166
\t@pgfplotstable@a=\toks51
)
(/home/pranav/Desktop/Thesis_work/Latex_thesis_work/my_thesis_template/pgfplots
_1.7.tds/tex/generic/pgfplots/liststructure/pgfplotsdeque.code.tex)
(/home/pranav/Desktop/Thesis_work/Latex_thesis_work/my_thesis_template/pgfplots
_1.7.tds/tex/generic/pgfplots/util/pgfplotsbinary.code.tex
(/home/pranav/Desktop/Thesis_work/Latex_thesis_work/my_thesis_template/pgfplots
_1.7.tds/tex/generic/pgfplots/util/pgfplotsbinary.data.code.tex))
(/home/pranav/Desktop/Thesis_work/Latex_thesis_work/my_thesis_template/pgfplots
_1.7.tds/tex/generic/pgfplots/util/pgfplotsutil.verb.code.tex)
(/home/pranav/Desktop/Thesis_work/Latex_thesis_work/my_thesis_template/pgfplots
_1.7.tds/tex/generic/pgfplots/libs/pgflibrarypgfplots.surfshading.code.tex
\c@pgfplotslibrarysurf@no=\count167

(/home/pranav/Desktop/Thesis_work/Latex_thesis_work/my_thesis_template/pgfplots
_1.7.tds/tex/generic/pgfplots/sys/pgflibrarypgfplots.surfshading.pgfsys-pdftex.
def)))
(/home/pranav/Desktop/Thesis_work/Latex_thesis_work/my_thesis_template/pgfplots
_1.7.tds/tex/generic/pgfplots/util/pgfplotscolormap.code.tex)
(/home/pranav/Desktop/Thesis_work/Latex_thesis_work/my_thesis_template/pgfplots
_1.7.tds/tex/generic/pgfplots/pgfplotsstackedplots.code.tex)
(/home/pranav/Desktop/Thesis_work/Latex_thesis_work/my_thesis_template/pgfplots
_1.7.tds/tex/generic/pgfplots/pgfplotsplothandlers.code.tex
(/home/pranav/Desktop/Thesis_work/Latex_thesis_work/my_thesis_template/pgfplots
_1.7.tds/tex/generic/pgfplots/pgfplotsmeshplothandler.code.tex))
(/home/pranav/Desktop/Thesis_work/Latex_thesis_work/my_thesis_template/pgfplots
_1.7.tds/tex/generic/pgfplots/pgfplots.scaling.code.tex)
(/home/pranav/Desktop/Thesis_work/Latex_thesis_work/my_thesis_template/pgfplots
_1.7.tds/tex/generic/pgfplots/pgfplotscoordprocessing.code.tex)
(/home/pranav/Desktop/Thesis_work/Latex_thesis_work/my_thesis_template/pgfplots
_1.7.tds/tex/generic/pgfplots/pgfplotsticks.code.tex)
(/home/pranav/Desktop/Thesis_work/Latex_thesis_work/my_thesis_template/pgfplots
_1.7.tds/tex/generic/pgfplots/pgfplots.paths.code.tex)
(/usr/share/texmf/tex/generic/pgf/frontendlayer/tikz/libraries/tikzlibrarydecor
ations.code.tex
(/usr/share/texmf/tex/generic/pgf/modules/pgfmoduledecorations.code.tex
\pgfdecoratedcompleteddistance=\dimen198
\pgfdecoratedremainingdistance=\dimen199
\pgfdecoratedinputsegmentcompleteddistance=\dimen200
\pgfdecoratedinputsegmentremainingdistance=\dimen201
\pgf@decorate@distancetomove=\dimen202
\pgf@decorate@repeatstate=\count168
\pgfdecorationsegmentamplitude=\dimen203
\pgfdecorationsegmentlength=\dimen204
)
\tikz@lib@dec@box=\box59
)
(/usr/share/texmf/tex/generic/pgf/frontendlayer/tikz/libraries/tikzlibrarydecor
ations.pathmorphing.code.tex
(/usr/share/texmf/tex/generic/pgf/libraries/decorations/pgflibrarydecorations.p
athmorphing.code.tex))
(/usr/share/texmf/tex/generic/pgf/frontendlayer/tikz/libraries/tikzlibrarydecor
ations.pathreplacing.code.tex
(/usr/share/texmf/tex/generic/pgf/libraries/decorations/pgflibrarydecorations.p
athreplacing.code.tex))
\pgfplots@numplots=\count169
\pgfplots@xmin@reg=\dimen205
\pgfplots@xmax@reg=\dimen206
\pgfplots@ymin@reg=\dimen207
\pgfplots@ymax@reg=\dimen208
\pgfplots@zmin@reg=\dimen209
\pgfplots@zmax@reg=\dimen210
)
(/usr/share/texmf/tex/generic/pgf/frontendlayer/tikz/libraries/tikzlibraryplotm
arks.code.tex
File: tikzlibraryplotmarks.code.tex 2008/01/09 v2.10 (rcs-revision 1.1)

(/usr/share/texmf/tex/generic/pgf/libraries/pgflibraryplotmarks.code.tex
File: pgflibraryplotmarks.code.tex 2010/10/15 v2.10 (rcs-revision 1.12)
)))
(/usr/share/texmf-texlive/tex/latex/subfig/subfig.sty
Package: subfig 2005/06/28 ver: 1.3 subfig package

(/usr/share/texmf-texlive/tex/latex/caption/caption.sty
Package: caption 2009/10/09 v3.1k Customizing captions (AR)

(/usr/share/texmf-texlive/tex/latex/caption/caption3.sty
Package: caption3 2009/10/09 v3.1k caption3 kernel (AR)
\captionmargin=\dimen211
\captionmargin@=\dimen212
\captionwidth=\dimen213
\caption@indent=\dimen214
\caption@parindent=\dimen215
\caption@hangindent=\dimen216
)
\c@ContinuedFloat=\count170
Package caption Info: beamer document class.
Package caption Info: hyperref package is loaded.


Package caption Warning: Hyperref support is turned off
(caption)                because hyperref has stopped early.
See the caption package documentation for explanation.

)
\c@KVtest=\count171
\sf@farskip=\skip59
\sf@captopadj=\dimen217
\sf@capskip=\skip60
\sf@nearskip=\skip61
\c@subfigure=\count172
\c@subfigure@save=\count173
\c@depth=\count174
\c@subtable=\count175
\c@subtable@save=\count176
\sf@top=\skip62
\sf@bottom=\skip63
)
(/home/pranav/Desktop/Thesis_work/Latex_thesis_work/my_thesis_template/movie15.
sty
Package: movie15 2008/10/08
 (/usr/share/texmf-texlive/tex/latex/base/ifthen.sty
Package: ifthen 2001/05/26 v1.1c Standard LaTeX ifthen package (DPC)
)
(/usr/share/texmf-texlive/tex/latex/oberdiek/ifdraft.sty
Package: ifdraft 2008/08/11 v1.3 Switch for option draft (HO)
)
\@MXV@page=\count177
\@MXV@adict=\count178
\@MXV@aadict=\count179
\@MXV@includes=\count180
\@MXV@players=\count181
\@MXV@links=\count182
\@MXV@width=\dimen218
\@MXV@height=\dimen219
\@MXV@depth=\dimen220
\@MXV@totalheight=\dimen221
\@MXV@@boxdepth=\dimen222
\@MXV@traiselen=\dimen223
\@MXV@braiselen=\dimen224
\@MXV@start=\dimen225
\@MXV@end=\dimen226
\@MXV@textbox=\box60
)
(/usr/share/texmf/tex/generic/pgf/frontendlayer/tikz/libraries/tikzlibrarycalc.
code.tex
File: tikzlibrarycalc.code.tex 2009/09/04 v2.10 (rcs-revision 1.6)
)
(/usr/share/texmf/tex/generic/pgf/frontendlayer/tikz/libraries/tikzlibrarytrees
.code.tex
File: tikzlibrarytrees.code.tex 2008/02/24 v2.10 (rcs-revision 1.2)
)
(/usr/share/texmf/tex/generic/pgf/frontendlayer/tikz/libraries/tikzlibraryposit
ioning.code.tex
File: tikzlibrarypositioning.code.tex 2008/10/06 v2.10 (rcs-revision 1.7)
)
(/usr/share/texmf/tex/generic/pgf/frontendlayer/tikz/libraries/tikzlibraryarrow
s.code.tex
File: tikzlibraryarrows.code.tex 2008/01/09 v2.10 (rcs-revision 1.1)

(/usr/share/texmf/tex/generic/pgf/libraries/pgflibraryarrows.code.tex
File: pgflibraryarrows.code.tex 2008/10/27 v2.10 (rcs-revision 1.9)
\arrowsize=\dimen227
))
(/usr/share/texmf/tex/generic/pgf/frontendlayer/tikz/libraries/tikzlibrarychain
s.code.tex
File: tikzlibrarychains.code.tex 2008/02/27 v2.10 (rcs-revision 1.5)
)
(/usr/share/texmf/tex/generic/pgf/frontendlayer/tikz/libraries/tikzlibraryshape
s.geometric.code.tex
File: tikzlibraryshapes.geometric.code.tex 2008/01/09 v2.10 (rcs-revision 1.1)

(/usr/share/texmf/tex/generic/pgf/libraries/shapes/pgflibraryshapes.geometric.c
ode.tex
File: pgflibraryshapes.geometric.code.tex 2008/06/26 v2.10 (rcs-revision 1.1)
))
(/usr/share/texmf/tex/generic/pgf/frontendlayer/tikz/libraries/tikzlibraryshape
s.code.tex
File: tikzlibraryshapes.code.tex 2008/01/09 v2.10 (rcs-revision 1.1)

(/usr/share/texmf/tex/generic/pgf/frontendlayer/tikz/libraries/tikzlibraryshape
s.misc.code.tex
File: tikzlibraryshapes.misc.code.tex 2008/01/09 v2.10 (rcs-revision 1.1)

(/usr/share/texmf/tex/generic/pgf/libraries/shapes/pgflibraryshapes.misc.code.t
ex
File: pgflibraryshapes.misc.code.tex 2008/10/07 v2.10 (rcs-revision 1.3)
))
(/usr/share/texmf/tex/generic/pgf/frontendlayer/tikz/libraries/tikzlibraryshape
s.symbols.code.tex
File: tikzlibraryshapes.symbols.code.tex 2008/01/09 v2.10 (rcs-revision 1.1)

(/usr/share/texmf/tex/generic/pgf/libraries/shapes/pgflibraryshapes.symbols.cod
e.tex
File: pgflibraryshapes.symbols.code.tex 2009/10/27 v2.10 (rcs-revision 1.3)
))
(/usr/share/texmf/tex/generic/pgf/frontendlayer/tikz/libraries/tikzlibraryshape
s.arrows.code.tex
File: tikzlibraryshapes.arrows.code.tex 2008/01/09 v2.10 (rcs-revision 1.1)

(/usr/share/texmf/tex/generic/pgf/libraries/shapes/pgflibraryshapes.arrows.code
.tex
File: pgflibraryshapes.arrows.code.tex 2008/06/26 v2.10 (rcs-revision 1.1)
))
(/usr/share/texmf/tex/generic/pgf/frontendlayer/tikz/libraries/tikzlibraryshape
s.callouts.code.tex
(/usr/share/texmf/tex/generic/pgf/libraries/shapes/pgflibraryshapes.callouts.co
de.tex))
(/usr/share/texmf/tex/generic/pgf/frontendlayer/tikz/libraries/tikzlibraryshape
s.multipart.code.tex
File: tikzlibraryshapes.multipart.code.tex 2008/01/09 v2.10 (rcs-revision 1.1)

(/usr/share/texmf/tex/generic/pgf/libraries/shapes/pgflibraryshapes.multipart.c
ode.tex
File: pgflibraryshapes.multipart.code.tex 2010/01/07 v2.10 (rcs-revision 1.2)
\pgfnodepartlowerbox=\box61
\pgfnodeparttwobox=\box62
\pgfnodepartthreebox=\box63
\pgfnodepartfourbox=\box64
\pgfnodeparttwentybox=\box65
\pgfnodepartnineteenbox=\box66
\pgfnodeparteighteenbox=\box67
\pgfnodepartseventeenbox=\box68
\pgfnodepartsixteenbox=\box69
\pgfnodepartfifteenbox=\box70
\pgfnodepartfourteenbox=\box71
\pgfnodepartthirteenbox=\box72
\pgfnodeparttwelvebox=\box73
\pgfnodepartelevenbox=\box74
\pgfnodeparttenbox=\box75
\pgfnodepartninebox=\box76
\pgfnodeparteightbox=\box77
\pgfnodepartsevenbox=\box78
\pgfnodepartsixbox=\box79
\pgfnodepartfivebox=\box80
)))
(/usr/share/texmf/tex/generic/pgf/frontendlayer/tikz/libraries/tikzlibrarymatri
x.code.tex
File: tikzlibrarymatrix.code.tex 2008/06/18 v2.10 (rcs-revision 1.2)
) (./presentation.aux)
\openout1 = `presentation.aux'.

LaTeX Font Info:    Checking defaults for OML/cmm/m/it on input line 79.
LaTeX Font Info:    ... okay on input line 79.
LaTeX Font Info:    Checking defaults for T1/cmr/m/n on input line 79.
LaTeX Font Info:    ... okay on input line 79.
LaTeX Font Info:    Checking defaults for OT1/cmr/m/n on input line 79.
LaTeX Font Info:    ... okay on input line 79.
LaTeX Font Info:    Checking defaults for OMS/cmsy/m/n on input line 79.
LaTeX Font Info:    ... okay on input line 79.
LaTeX Font Info:    Checking defaults for OMX/cmex/m/n on input line 79.
LaTeX Font Info:    ... okay on input line 79.
LaTeX Font Info:    Checking defaults for U/cmr/m/n on input line 79.
LaTeX Font Info:    ... okay on input line 79.
LaTeX Font Info:    Checking defaults for PD1/pdf/m/n on input line 79.
LaTeX Font Info:    ... okay on input line 79.

*geometry auto-detecting driver*
*geometry detected driver: pdftex*
-------------------- Geometry parameters
paper: user defined
landscape: --
twocolumn: --
twoside: --
asymmetric: --
h-parts: 9.24994pt, 345.69548pt, 9.24994pt
v-parts: 0.0pt, 273.14662pt, 0.0pt
hmarginratio: --
vmarginratio: --
lines: --
heightrounded: --
bindingoffset: 0.0pt
truedimen: --
includehead: true
includefoot: true
includemp: --
driver: pdftex
-------------------- Page layout dimensions and switches
\paperwidth  364.19536pt
\paperheight 273.14662pt
\textwidth  345.69548pt
\textheight 244.6939pt
\oddsidemargin  -63.02005pt
\evensidemargin -63.02005pt
\topmargin  -72.26999pt
\headheight 14.22636pt
\headsep    0.0pt
\footskip   14.22636pt
\marginparwidth 4.0pt
\marginparsep   10.0pt
\columnsep  10.0pt
\skip\footins  8.0pt plus 4.0pt minus 2.0pt
\hoffset 0.0pt
\voffset 0.0pt
\mag 1000

(1in=72.27pt, 1cm=28.45pt)
-----------------------
(/usr/share/texmf-texlive/tex/context/base/supp-pdf.mkii
[Loading MPS to PDF converter (version 2006.09.02).]
\scratchcounter=\count183
\scratchdimen=\dimen228
\scratchbox=\box81
\nofMPsegments=\count184
\nofMParguments=\count185
\everyMPshowfont=\toks52
\MPscratchCnt=\count186
\MPscratchDim=\dimen229
\MPnumerator=\count187
\everyMPtoPDFconversion=\toks53
) ABD: EveryShipout initializing macros
Package hyperref Info: Link coloring OFF on input line 79.

(/usr/share/texmf-texlive/tex/latex/hyperref/nameref.sty
Package: nameref 2007/05/29 v2.31 Cross-referencing by name of section

(/usr/share/texmf-texlive/tex/latex/oberdiek/refcount.sty
Package: refcount 2008/08/11 v3.1 Data extraction from references (HO)
)
\c@section@level=\count188
)
LaTeX Info: Redefining \ref on input line 79.
LaTeX Info: Redefining \pageref on input line 79.
 (./presentation.out) (./presentation.out)
\@outlinefile=\write5
\openout5 = `presentation.out'.

\AtBeginShipoutBox=\box82
LaTeX Font Info:    Overwriting symbol font `operators' in version `normal'
(Font)                  OT1/cmr/m/n --> OT1/cmss/m/n on input line 79.
LaTeX Font Info:    Overwriting symbol font `operators' in version `bold'
(Font)                  OT1/cmr/bx/n --> OT1/cmss/bx/n on input line 79.
\symnumbers=\mathgroup6
\sympureletters=\mathgroup7
LaTeX Font Info:    Overwriting math alphabet `\mathrm' in version `normal'
(Font)                  OT1/cmss/m/n --> OT1/cmr/m/n on input line 79.
LaTeX Font Info:    Redeclaring math alphabet \mathbf on input line 79.
LaTeX Font Info:    Overwriting math alphabet `\mathbf' in version `normal'
(Font)                  OT1/cmr/bx/n --> OT1/cmss/bx/n on input line 79.
LaTeX Font Info:    Overwriting math alphabet `\mathbf' in version `bold'
(Font)                  OT1/cmr/bx/n --> OT1/cmss/bx/n on input line 79.
LaTeX Font Info:    Redeclaring math alphabet \mathsf on input line 79.
LaTeX Font Info:    Overwriting math alphabet `\mathsf' in version `normal'
(Font)                  OT1/cmss/m/n --> OT1/cmss/m/n on input line 79.
LaTeX Font Info:    Overwriting math alphabet `\mathsf' in version `bold'
(Font)                  OT1/cmss/bx/n --> OT1/cmss/m/n on input line 79.
LaTeX Font Info:    Redeclaring math alphabet \mathit on input line 79.
LaTeX Font Info:    Overwriting math alphabet `\mathit' in version `normal'
(Font)                  OT1/cmr/m/it --> OT1/cmss/m/it on input line 79.
LaTeX Font Info:    Overwriting math alphabet `\mathit' in version `bold'
(Font)                  OT1/cmr/bx/it --> OT1/cmss/m/it on input line 79.
LaTeX Font Info:    Redeclaring math alphabet \mathtt on input line 79.
LaTeX Font Info:    Overwriting math alphabet `\mathtt' in version `normal'
(Font)                  OT1/cmtt/m/n --> OT1/cmtt/m/n on input line 79.
LaTeX Font Info:    Overwriting math alphabet `\mathtt' in version `bold'
(Font)                  OT1/cmtt/m/n --> OT1/cmtt/m/n on input line 79.
LaTeX Font Info:    Overwriting symbol font `numbers' in version `bold'
(Font)                  OT1/cmss/m/n --> OT1/cmss/bx/n on input line 79.
LaTeX Font Info:    Overwriting symbol font `pureletters' in version `bold'
(Font)                  OT1/cmss/m/it --> OT1/cmss/bx/it on input line 79.
LaTeX Font Info:    Overwriting math alphabet `\mathrm' in version `bold'
(Font)                  OT1/cmss/bx/n --> OT1/cmr/bx/n on input line 79.
LaTeX Font Info:    Overwriting math alphabet `\mathbf' in version `bold'
(Font)                  OT1/cmss/bx/n --> OT1/cmss/bx/n on input line 79.
LaTeX Font Info:    Overwriting math alphabet `\mathsf' in version `bold'
(Font)                  OT1/cmss/m/n --> OT1/cmss/bx/n on input line 79.
LaTeX Font Info:    Overwriting math alphabet `\mathit' in version `bold'
(Font)                  OT1/cmss/m/it --> OT1/cmss/bx/it on input line 79.
LaTeX Font Info:    Overwriting math alphabet `\mathtt' in version `bold'
(Font)                  OT1/cmtt/m/n --> OT1/cmtt/bx/n on input line 79.

(/usr/share/texmf/tex/latex/beamer/base/translator/dicts/translator-basic-dicti
onary/translator-basic-dictionary-English.dict
Dictionary: translator-basic-dictionary, Language: English 
)
(/usr/share/texmf/tex/latex/beamer/base/translator/dicts/translator-bibliograph
y-dictionary/translator-bibliography-dictionary-English.dict
Dictionary: translator-bibliography-dictionary, Language: English 
)
(/usr/share/texmf/tex/latex/beamer/base/translator/dicts/translator-environment
-dictionary/translator-environment-dictionary-English.dict
Dictionary: translator-environment-dictionary, Language: English 
)
(/usr/share/texmf/tex/latex/beamer/base/translator/dicts/translator-months-dict
ionary/translator-months-dictionary-English.dict
Dictionary: translator-months-dictionary, Language: English 
)
(/usr/share/texmf/tex/latex/beamer/base/translator/dicts/translator-numbers-dic
tionary/translator-numbers-dictionary-English.dict
Dictionary: translator-numbers-dictionary, Language: English 
)
(/usr/share/texmf/tex/latex/beamer/base/translator/dicts/translator-theorem-dic
tionary/translator-theorem-dictionary-English.dict
Dictionary: translator-theorem-dictionary, Language: English 
)
Package pgfplots notification 'compat/show suggested version=true': document ha
s been generated with the most recent feature set (\pgfplotsset{compat=1.7}).

Package caption Info: Begin \AtBeginDocument code.
Package caption3 Info: subfig package 1.2 or 1.3 is loaded.
LaTeX Info: Redefining \subref on input line 79.
Package caption Info: End \AtBeginDocument code.
(./presentation.nav)

LaTeX Font Warning: Font shape `OT1/cmss/m/n' in size <4> not available
(Font)              size <5> substituted on input line 83.

[1

{/var/lib/texmf/fonts/map/pdftex/updmap/pdftex.map}]
<../Thesis_work/Latex_thesis_work/img_source/stereo_correspondence_abstract.png
, id=30, 812.03375pt x 721.69624pt>
File: ../Thesis_work/Latex_thesis_work/img_source/stereo_correspondence_abstrac
t.png Graphic file (type png)

<use ../Thesis_work/Latex_thesis_work/img_source/stereo_correspondence_abstract
.png>
<../Thesis_work/Latex_thesis_work/img_source/phase_shift.jpg, id=31, 722.7pt x 
609.27625pt>
File: ../Thesis_work/Latex_thesis_work/img_source/phase_shift.jpg Graphic file 
(type jpg)
 <use ../Thesis_work/Latex_thesis_work/img_source/phase_shift.jpg>
[2

 <../Thesis_work/Latex_thesis_work/img_source/stereo_correspondence_abstract.pn
g (PNG copy)> <../Thesis_work/Latex_thesis_work/img_source/phase_shift.jpg>]
<../Thesis_work/Latex_thesis_work/img_source/system_layout.png, id=40, 853.1875
pt x 814.04124pt>
File: ../Thesis_work/Latex_thesis_work/img_source/system_layout.png Graphic fil
e (type png)

<use ../Thesis_work/Latex_thesis_work/img_source/system_layout.png>
Overfull \vbox (10.02371pt too high) detected at line 110
 []

[3

 <../Thesis_work/Latex_thesis_work/img_source/system_layout.png (PNG copy)>]
<../Thesis_work/Latex_thesis_work/img_source/system_setup.png, id=47, 3661.68pt
 x 2746.26pt>
File: ../Thesis_work/Latex_thesis_work/img_source/system_setup.png Graphic file
 (type png)

<use ../Thesis_work/Latex_thesis_work/img_source/system_setup.png> [4

 <../Thesis_work/Latex_thesis_work/img_source/system_setup.png (PNG copy)>]
LaTeX Font Info:    Try loading font information for U+msa on input line 154.

(/usr/share/texmf-texlive/tex/latex/amsfonts/umsa.fd
File: umsa.fd 2009/06/22 v3.00 AMS symbols A
)
LaTeX Font Info:    Try loading font information for U+msb on input line 154.

(/usr/share/texmf-texlive/tex/latex/amsfonts/umsb.fd
File: umsb.fd 2009/06/22 v3.00 AMS symbols B
)
<../Thesis_work/Latex_thesis_work/img_source/phase_ver_1.png, id=54, 1027.84pt 
x 770.88pt> <use ../Thesis_work/Latex_thesis_work/img_source/phase_ver_1.png>
<../Thesis_work/Latex_thesis_work/img_source/phase_ver_2.png, id=55, 1027.84pt 
x 770.88pt> <use ../Thesis_work/Latex_thesis_work/img_source/phase_ver_2.png>
<../Thesis_work/Latex_thesis_work/img_source/phase_ver_3.png, id=56, 1027.84pt 
x 770.88pt> <use ../Thesis_work/Latex_thesis_work/img_source/phase_ver_3.png>
File: ../Thesis_work/Latex_thesis_work/img_source/phase_ver_1.png Graphic file 
(type png)

<use ../Thesis_work/Latex_thesis_work/img_source/phase_ver_1.png>
File: ../Thesis_work/Latex_thesis_work/img_source/phase_ver_2.png Graphic file 
(type png)

<use ../Thesis_work/Latex_thesis_work/img_source/phase_ver_2.png>
File: ../Thesis_work/Latex_thesis_work/img_source/phase_ver_3.png Graphic file 
(type png)

<use ../Thesis_work/Latex_thesis_work/img_source/phase_ver_3.png>
Underfull \hbox (badness 10000) in alignment at lines 154--154
[][][]
 []

[5

 <../Thesis_work/Latex_thesis_work/img_source/phase_ver_1.png (PNG copy)> <../T
hesis_work/Latex_thesis_work/img_source/phase_ver_2.png (PNG copy)> <../Thesis_
work/Latex_thesis_work/img_source/phase_ver_3.png (PNG copy)>]
<../Thesis_work/Latex_thesis_work/img_source/phase_hor_1.png, id=69, 1027.84pt 
x 770.88pt> <use ../Thesis_work/Latex_thesis_work/img_source/phase_hor_1.png>
<../Thesis_work/Latex_thesis_work/img_source/phase_hor_2.png, id=70, 1027.84pt 
x 770.88pt> <use ../Thesis_work/Latex_thesis_work/img_source/phase_hor_2.png>
<../Thesis_work/Latex_thesis_work/img_source/phase_hor_3.png, id=71, 1027.84pt 
x 770.88pt> <use ../Thesis_work/Latex_thesis_work/img_source/phase_hor_3.png>
File: ../Thesis_work/Latex_thesis_work/img_source/phase_hor_1.png Graphic file 
(type png)

<use ../Thesis_work/Latex_thesis_work/img_source/phase_hor_1.png>
File: ../Thesis_work/Latex_thesis_work/img_source/phase_hor_2.png Graphic file 
(type png)

<use ../Thesis_work/Latex_thesis_work/img_source/phase_hor_2.png>
File: ../Thesis_work/Latex_thesis_work/img_source/phase_hor_3.png Graphic file 
(type png)

<use ../Thesis_work/Latex_thesis_work/img_source/phase_hor_3.png>
Underfull \hbox (badness 10000) in alignment at lines 182--182
[][][]
 []

[6

 <../Thesis_work/Latex_thesis_work/img_source/phase_hor_1.png (PNG copy)> <../T
hesis_work/Latex_thesis_work/img_source/phase_hor_2.png (PNG copy)> <../Thesis_
work/Latex_thesis_work/img_source/phase_hor_3.png (PNG copy)>]
<../Thesis_work/Latex_thesis_work/img_source/binary_ver_1.png, id=82, 1027.84pt
 x 770.88pt>
<use ../Thesis_work/Latex_thesis_work/img_source/binary_ver_1.png>
<../Thesis_work/Latex_thesis_work/img_source/binary_ver_2.png, id=83, 1027.84pt
 x 770.88pt>
<use ../Thesis_work/Latex_thesis_work/img_source/binary_ver_2.png>
<../Thesis_work/Latex_thesis_work/img_source/binary_ver_3.png, id=84, 1027.84pt
 x 770.88pt>
<use ../Thesis_work/Latex_thesis_work/img_source/binary_ver_3.png>
File: ../Thesis_work/Latex_thesis_work/img_source/binary_ver_1.png Graphic file
 (type png)

<use ../Thesis_work/Latex_thesis_work/img_source/binary_ver_1.png>
File: ../Thesis_work/Latex_thesis_work/img_source/binary_ver_2.png Graphic file
 (type png)

<use ../Thesis_work/Latex_thesis_work/img_source/binary_ver_2.png>
File: ../Thesis_work/Latex_thesis_work/img_source/binary_ver_3.png Graphic file
 (type png)

<use ../Thesis_work/Latex_thesis_work/img_source/binary_ver_3.png>
Underfull \hbox (badness 10000) in alignment at lines 210--210
[][][]
 []

[7

 <../Thesis_work/Latex_thesis_work/img_source/binary_ver_1.png (PNG copy)> <../
Thesis_work/Latex_thesis_work/img_source/binary_ver_2.png (PNG copy)> <../Thesi
s_work/Latex_thesis_work/img_source/binary_ver_3.png (PNG copy)>]
<../Thesis_work/Latex_thesis_work/img_source/binary_hor_1.png, id=96, 1027.84pt
 x 770.88pt>
<use ../Thesis_work/Latex_thesis_work/img_source/binary_hor_1.png>
<../Thesis_work/Latex_thesis_work/img_source/binary_hor_2.png, id=97, 1027.84pt
 x 770.88pt>
<use ../Thesis_work/Latex_thesis_work/img_source/binary_hor_2.png>
<../Thesis_work/Latex_thesis_work/img_source/binary_hor_3.png, id=98, 1027.84pt
 x 770.88pt>
<use ../Thesis_work/Latex_thesis_work/img_source/binary_hor_3.png>
File: ../Thesis_work/Latex_thesis_work/img_source/binary_hor_1.png Graphic file
 (type png)

<use ../Thesis_work/Latex_thesis_work/img_source/binary_hor_1.png>
File: ../Thesis_work/Latex_thesis_work/img_source/binary_hor_2.png Graphic file
 (type png)

<use ../Thesis_work/Latex_thesis_work/img_source/binary_hor_2.png>
File: ../Thesis_work/Latex_thesis_work/img_source/binary_hor_3.png Graphic file
 (type png)

<use ../Thesis_work/Latex_thesis_work/img_source/binary_hor_3.png>
Underfull \hbox (badness 10000) in alignment at lines 239--239
[][][]
 []

[8

 <../Thesis_work/Latex_thesis_work/img_source/binary_hor_1.png (PNG copy)> <../
Thesis_work/Latex_thesis_work/img_source/binary_hor_2.png (PNG copy)> <../Thesi
s_work/Latex_thesis_work/img_source/binary_hor_3.png (PNG copy)>]
<../Thesis_work/Latex_thesis_work/img_source/cap_fringe_1.png, id=108, 992.7087
6pt x 576.1525pt>
<use ../Thesis_work/Latex_thesis_work/img_source/cap_fringe_1.png>
<../Thesis_work/Latex_thesis_work/img_source/cap_fringe_2.png, id=109, 977.6525
pt x 570.13pt>
<use ../Thesis_work/Latex_thesis_work/img_source/cap_fringe_2.png>
<../Thesis_work/Latex_thesis_work/img_source/cap_fringe_3.png, id=110, 972.6337
4pt x 568.1225pt>
<use ../Thesis_work/Latex_thesis_work/img_source/cap_fringe_3.png>
<../Thesis_work/Latex_thesis_work/img_source/cap_fringe_4.png, id=111, 989.6975
pt x 563.10374pt>
<use ../Thesis_work/Latex_thesis_work/img_source/cap_fringe_4.png>
<../Thesis_work/Latex_thesis_work/img_source/cap_fringe_5.png, id=112, 988.6937
6pt x 563.10374pt>
<use ../Thesis_work/Latex_thesis_work/img_source/cap_fringe_5.png>
<../Thesis_work/Latex_thesis_work/img_source/cap_fringe_6.png, id=113, 918.4312
4pt x 563.10374pt>
<use ../Thesis_work/Latex_thesis_work/img_source/cap_fringe_6.png>
File: ../Thesis_work/Latex_thesis_work/img_source/cap_fringe_1.png Graphic file
 (type png)

<use ../Thesis_work/Latex_thesis_work/img_source/cap_fringe_1.png>
File: ../Thesis_work/Latex_thesis_work/img_source/cap_fringe_2.png Graphic file
 (type png)

<use ../Thesis_work/Latex_thesis_work/img_source/cap_fringe_2.png>
File: ../Thesis_work/Latex_thesis_work/img_source/cap_fringe_3.png Graphic file
 (type png)

<use ../Thesis_work/Latex_thesis_work/img_source/cap_fringe_3.png>
File: ../Thesis_work/Latex_thesis_work/img_source/cap_fringe_4.png Graphic file
 (type png)

<use ../Thesis_work/Latex_thesis_work/img_source/cap_fringe_4.png>
File: ../Thesis_work/Latex_thesis_work/img_source/cap_fringe_5.png Graphic file
 (type png)

<use ../Thesis_work/Latex_thesis_work/img_source/cap_fringe_5.png>
File: ../Thesis_work/Latex_thesis_work/img_source/cap_fringe_6.png Graphic file
 (type png)

<use ../Thesis_work/Latex_thesis_work/img_source/cap_fringe_6.png>
Underfull \hbox (badness 10000) in alignment at lines 258--258
[][][]
 []


Overfull \vbox (12.13553pt too high) detected at line 258
 []

[9

 <../Thesis_work/Latex_thesis_work/img_source/cap_fringe_1.png (PNG copy)> <../
Thesis_work/Latex_thesis_work/img_source/cap_fringe_2.png (PNG copy)> <../Thesi
s_work/Latex_thesis_work/img_source/cap_fringe_3.png (PNG copy)> <../Thesis_wor
k/Latex_thesis_work/img_source/cap_fringe_4.png (PNG copy)> <../Thesis_work/Lat
ex_thesis_work/img_source/cap_fringe_5.png (PNG copy)> <../Thesis_work/Latex_th
esis_work/img_source/cap_fringe_6.png (PNG copy)>]
<../Thesis_work/Latex_thesis_work/img_source/cap_binary_1.png, id=120, 985.6825
pt x 560.0925pt>
<use ../Thesis_work/Latex_thesis_work/img_source/cap_binary_1.png>
<../Thesis_work/Latex_thesis_work/img_source/cap_binary_2.png, id=121, 982.6712
5pt x 545.03625pt>
<use ../Thesis_work/Latex_thesis_work/img_source/cap_binary_2.png>
<../Thesis_work/Latex_thesis_work/img_source/cap_binary_3.png, id=122, 961.5925
pt x 554.07pt>
<use ../Thesis_work/Latex_thesis_work/img_source/cap_binary_3.png>
<../Thesis_work/Latex_thesis_work/img_source/cap_binary_4.png, id=123, 967.615p
t x 539.01375pt>
<use ../Thesis_work/Latex_thesis_work/img_source/cap_binary_4.png>
<../Thesis_work/Latex_thesis_work/img_source/cap_binary_5.png, id=124, 969.6225
pt x 521.95pt>
<use ../Thesis_work/Latex_thesis_work/img_source/cap_binary_5.png>
<../Thesis_work/Latex_thesis_work/img_source/cap_binary_6.png, id=125, 987.69pt
 x 483.8075pt>
<use ../Thesis_work/Latex_thesis_work/img_source/cap_binary_6.png>
File: ../Thesis_work/Latex_thesis_work/img_source/cap_binary_1.png Graphic file
 (type png)

<use ../Thesis_work/Latex_thesis_work/img_source/cap_binary_1.png>
File: ../Thesis_work/Latex_thesis_work/img_source/cap_binary_2.png Graphic file
 (type png)

<use ../Thesis_work/Latex_thesis_work/img_source/cap_binary_2.png>
File: ../Thesis_work/Latex_thesis_work/img_source/cap_binary_3.png Graphic file
 (type png)

<use ../Thesis_work/Latex_thesis_work/img_source/cap_binary_3.png>
File: ../Thesis_work/Latex_thesis_work/img_source/cap_binary_4.png Graphic file
 (type png)

<use ../Thesis_work/Latex_thesis_work/img_source/cap_binary_4.png>
File: ../Thesis_work/Latex_thesis_work/img_source/cap_binary_5.png Graphic file
 (type png)

<use ../Thesis_work/Latex_thesis_work/img_source/cap_binary_5.png>
File: ../Thesis_work/Latex_thesis_work/img_source/cap_binary_6.png Graphic file
 (type png)

<use ../Thesis_work/Latex_thesis_work/img_source/cap_binary_6.png>
Underfull \hbox (badness 10000) in alignment at lines 276--276
[][][]
 []

[10

 <../Thesis_work/Latex_thesis_work/img_source/cap_binary_1.png (PNG copy)> <../
Thesis_work/Latex_thesis_work/img_source/cap_binary_2.png (PNG copy)> <../Thesi
s_work/Latex_thesis_work/img_source/cap_binary_3.png (PNG copy)> <../Thesis_wor
k/Latex_thesis_work/img_source/cap_binary_4.png (PNG copy)> <../Thesis_work/Lat
ex_thesis_work/img_source/cap_binary_5.png (PNG copy)> <../Thesis_work/Latex_th
esis_work/img_source/cap_binary_6.png (PNG copy)>]
<../Thesis_work/Latex_thesis_work/img_source/wrapped_ver.png, id=132, 725.71124
pt x 511.9125pt>
<use ../Thesis_work/Latex_thesis_work/img_source/wrapped_ver.png>
<../Thesis_work/Latex_thesis_work/img_source/wrapped_hor.png, id=133, 886.31125
pt x 553.06625pt>
<use ../Thesis_work/Latex_thesis_work/img_source/wrapped_hor.png>
File: ../Thesis_work/Latex_thesis_work/img_source/wrapped_ver.png Graphic file 
(type png)

<use ../Thesis_work/Latex_thesis_work/img_source/wrapped_ver.png>
File: ../Thesis_work/Latex_thesis_work/img_source/wrapped_hor.png Graphic file 
(type png)

<use ../Thesis_work/Latex_thesis_work/img_source/wrapped_hor.png>
Underfull \hbox (badness 10000) in alignment at lines 309--309
[][][]
 []


Overfull \vbox (15.4097pt too high) detected at line 309
 []

[11

 <../Thesis_work/Latex_thesis_work/img_source/wrapped_ver.png (PNG copy)> <../T
hesis_work/Latex_thesis_work/img_source/wrapped_hor.png (PNG copy)>]
<../Thesis_work/Latex_thesis_work/img_source/unwrapped_ver.png, id=143, 977.652
5pt x 557.08125pt>
<use ../Thesis_work/Latex_thesis_work/img_source/unwrapped_ver.png>
<../Thesis_work/Latex_thesis_work/img_source/unwrapped_hor.png, id=144, 959.585
pt x 567.11874pt>
<use ../Thesis_work/Latex_thesis_work/img_source/unwrapped_hor.png>
File: ../Thesis_work/Latex_thesis_work/img_source/unwrapped_ver.png Graphic fil
e (type png)

<use ../Thesis_work/Latex_thesis_work/img_source/unwrapped_ver.png>
File: ../Thesis_work/Latex_thesis_work/img_source/unwrapped_hor.png Graphic fil
e (type png)

<use ../Thesis_work/Latex_thesis_work/img_source/unwrapped_hor.png>
Underfull \hbox (badness 10000) in alignment at lines 337--337
[][][]
 []

[12

 <../Thesis_work/Latex_thesis_work/img_source/unwrapped_ver.png (PNG copy)> <..
/Thesis_work/Latex_thesis_work/img_source/unwrapped_hor.png (PNG copy)>]
<../Thesis_work/Latex_thesis_work/img_source/camera_image.png, id=152, 941.5175
pt x 869.2475pt>
<use ../Thesis_work/Latex_thesis_work/img_source/camera_image.png>
<../Thesis_work/Latex_thesis_work/img_source/projector_image.png, id=153, 1016.
79875pt x 703.62875pt>
<use ../Thesis_work/Latex_thesis_work/img_source/projector_image.png>
File: ../Thesis_work/Latex_thesis_work/img_source/camera_image.png Graphic file
 (type png)

<use ../Thesis_work/Latex_thesis_work/img_source/camera_image.png>
File: ../Thesis_work/Latex_thesis_work/img_source/projector_image.png Graphic f
ile (type png)

<use ../Thesis_work/Latex_thesis_work/img_source/projector_image.png>
Underfull \hbox (badness 10000) in alignment at lines 363--363
[][][]
 []

[13

 <../Thesis_work/Latex_thesis_work/img_source/camera_image.png (PNG copy)> <../
Thesis_work/Latex_thesis_work/img_source/projector_image.png (PNG copy)>]
<../Thesis_work/Latex_thesis_work/img_source/camera_model.png, id=162, 1166.357
5pt x 678.535pt>
File: ../Thesis_work/Latex_thesis_work/img_source/camera_model.png Graphic file
 (type png)

<use ../Thesis_work/Latex_thesis_work/img_source/camera_model.png>
Overfull \vbox (11.23329pt too high) detected at line 383
 []

[14

 <../Thesis_work/Latex_thesis_work/img_source/camera_model.png (PNG copy)>]
[15

]
<../Thesis_work/Latex_thesis_work/img_source/cam_1.png, id=176, 237.88875pt x 2
11.79124pt> <use ../Thesis_work/Latex_thesis_work/img_source/cam_1.png>
<../Thesis_work/Latex_thesis_work/img_source/cam_2.png, id=177, 707.64375pt x 6
67.49374pt> <use ../Thesis_work/Latex_thesis_work/img_source/cam_2.png>
<../Thesis_work/Latex_thesis_work/img_source/cam_3.png, id=178, 695.59875pt x 5
25.965pt> <use ../Thesis_work/Latex_thesis_work/img_source/cam_3.png>
<../Thesis_work/Latex_thesis_work/img_source/cam_4.png, id=179, 451.6875pt x 33
0.23375pt> <use ../Thesis_work/Latex_thesis_work/img_source/cam_4.png>
<use ../Thesis_work/Latex_thesis_work/img_source/cam_1.png>
<use ../Thesis_work/Latex_thesis_work/img_source/cam_2.png>
<use ../Thesis_work/Latex_thesis_work/img_source/cam_3.png>
<use ../Thesis_work/Latex_thesis_work/img_source/cam_4.png>
File: ../Thesis_work/Latex_thesis_work/img_source/cam_1.png Graphic file (type 
png)

<use ../Thesis_work/Latex_thesis_work/img_source/cam_1.png>
File: ../Thesis_work/Latex_thesis_work/img_source/cam_2.png Graphic file (type 
png)

<use ../Thesis_work/Latex_thesis_work/img_source/cam_2.png>
File: ../Thesis_work/Latex_thesis_work/img_source/cam_3.png Graphic file (type 
png)

<use ../Thesis_work/Latex_thesis_work/img_source/cam_3.png>
File: ../Thesis_work/Latex_thesis_work/img_source/cam_4.png Graphic file (type 
png)

<use ../Thesis_work/Latex_thesis_work/img_source/cam_4.png>
Overfull \hbox (9.89384pt too wide) in alignment at lines 457--457
[][][]
 []


Overfull \vbox (12.95996pt too high) detected at line 457
 []

[16

 <../Thesis_work/Latex_thesis_work/img_source/cam_1.png (PNG copy)> <../Thesis_
work/Latex_thesis_work/img_source/cam_2.png (PNG copy)> <../Thesis_work/Latex_t
hesis_work/img_source/cam_3.png (PNG copy)> <../Thesis_work/Latex_thesis_work/i
mg_source/cam_4.png (PNG copy)>]
<../Thesis_work/Latex_thesis_work/img_source/cam_calib_view.png, id=187, 1028.8
4375pt x 759.83875pt>
<use ../Thesis_work/Latex_thesis_work/img_source/cam_calib_view.png>
<../Thesis_work/Latex_thesis_work/img_source/cam_calib_view2.png, id=189, 1053.
9375pt x 788.9475pt>
<use ../Thesis_work/Latex_thesis_work/img_source/cam_calib_view2.png>
<use ../Thesis_work/Latex_thesis_work/img_source/cam_calib_view.png>
<use ../Thesis_work/Latex_thesis_work/img_source/cam_calib_view2.png>
File: ../Thesis_work/Latex_thesis_work/img_source/cam_calib_view.png Graphic fi
le (type png)

<use ../Thesis_work/Latex_thesis_work/img_source/cam_calib_view.png>
File: ../Thesis_work/Latex_thesis_work/img_source/cam_calib_view2.png Graphic f
ile (type png)

<use ../Thesis_work/Latex_thesis_work/img_source/cam_calib_view2.png>
Overfull \hbox (17.18616pt too wide) in alignment at lines 472--472
[][][]
 []

[17

 <../Thesis_work/Latex_thesis_work/img_source/cam_calib_view.png> <../Thesis_wo
rk/Latex_thesis_work/img_source/cam_calib_view2.png>]
<../Thesis_work/Latex_thesis_work/img_source/proj_view_1.png, id=198, 682.55pt 
x 520.94624pt>
<use ../Thesis_work/Latex_thesis_work/img_source/proj_view_1.png>
<../Thesis_work/Latex_thesis_work/img_source/proj_view_2.png, id=199, 502.87875
pt x 407.5225pt>
<use ../Thesis_work/Latex_thesis_work/img_source/proj_view_2.png>
<../Thesis_work/Latex_thesis_work/img_source/proj_view_3.png, id=200, 670.505pt
 x 511.9125pt>
<use ../Thesis_work/Latex_thesis_work/img_source/proj_view_3.png>
<../Thesis_work/Latex_thesis_work/img_source/proj_view_4.png, id=201, 536.0025p
t x 467.7475pt>
<use ../Thesis_work/Latex_thesis_work/img_source/proj_view_4.png>
<use ../Thesis_work/Latex_thesis_work/img_source/proj_view_1.png>
<use ../Thesis_work/Latex_thesis_work/img_source/proj_view_2.png>
<use ../Thesis_work/Latex_thesis_work/img_source/proj_view_3.png>
<use ../Thesis_work/Latex_thesis_work/img_source/proj_view_4.png>
File: ../Thesis_work/Latex_thesis_work/img_source/proj_view_1.png Graphic file 
(type png)

<use ../Thesis_work/Latex_thesis_work/img_source/proj_view_1.png>
File: ../Thesis_work/Latex_thesis_work/img_source/proj_view_2.png Graphic file 
(type png)

<use ../Thesis_work/Latex_thesis_work/img_source/proj_view_2.png>
File: ../Thesis_work/Latex_thesis_work/img_source/proj_view_3.png Graphic file 
(type png)

<use ../Thesis_work/Latex_thesis_work/img_source/proj_view_3.png>
File: ../Thesis_work/Latex_thesis_work/img_source/proj_view_4.png Graphic file 
(type png)

<use ../Thesis_work/Latex_thesis_work/img_source/proj_view_4.png>
Overfull \hbox (15.5795pt too wide) in alignment at lines 510--510
[][][]
 []


Overfull \vbox (14.86305pt too high) detected at line 510
 []

[18

 <../Thesis_work/Latex_thesis_work/img_source/proj_view_1.png (PNG copy)> <../T
hesis_work/Latex_thesis_work/img_source/proj_view_2.png (PNG copy)> <../Thesis_
work/Latex_thesis_work/img_source/proj_view_3.png (PNG copy)> <../Thesis_work/L
atex_thesis_work/img_source/proj_view_4.png (PNG copy)>]
<../Thesis_work/Latex_thesis_work/img_source/proj_calib_plot_2.png, id=209, 106
2.97125pt x 767.86874pt>
<use ../Thesis_work/Latex_thesis_work/img_source/proj_calib_plot_2.png>
<../Thesis_work/Latex_thesis_work/img_source/proj_calib_plot_1.png, id=210, 103
9.885pt x 755.82375pt>
<use ../Thesis_work/Latex_thesis_work/img_source/proj_calib_plot_1.png>
<use ../Thesis_work/Latex_thesis_work/img_source/proj_calib_plot_2.png>
<use ../Thesis_work/Latex_thesis_work/img_source/proj_calib_plot_1.png>
File: ../Thesis_work/Latex_thesis_work/img_source/proj_calib_plot_2.png Graphic
 file (type png)

<use ../Thesis_work/Latex_thesis_work/img_source/proj_calib_plot_2.png>
File: ../Thesis_work/Latex_thesis_work/img_source/proj_calib_plot_1.png Graphic
 file (type png)

<use ../Thesis_work/Latex_thesis_work/img_source/proj_calib_plot_1.png>
Overfull \hbox (17.19687pt too wide) in alignment at lines 525--525
[][][]
 []

[19

 <../Thesis_work/Latex_thesis_work/img_source/proj_calib_plot_2.png (PNG copy)>
 <../Thesis_work/Latex_thesis_work/img_source/proj_calib_plot_1.png (PNG copy)>
]
<../Thesis_work/Latex_thesis_work/img_source/system_extrinsic.png, id=218, 3661
.68pt x 2746.26pt>
<use ../Thesis_work/Latex_thesis_work/img_source/system_extrinsic.png>
<../Thesis_work/Latex_thesis_work/img_source/system_plot.png, id=219, 1037.8775
pt x 768.8725pt>
<use ../Thesis_work/Latex_thesis_work/img_source/system_plot.png>
<use ../Thesis_work/Latex_thesis_work/img_source/system_extrinsic.png>
<use ../Thesis_work/Latex_thesis_work/img_source/system_plot.png>
File: ../Thesis_work/Latex_thesis_work/img_source/system_extrinsic.png Graphic 
file (type png)

<use ../Thesis_work/Latex_thesis_work/img_source/system_extrinsic.png>
File: ../Thesis_work/Latex_thesis_work/img_source/system_plot.png Graphic file 
(type png)

<use ../Thesis_work/Latex_thesis_work/img_source/system_plot.png>
Overfull \hbox (13.71884pt too wide) in alignment at lines 558--558
[][][]
 []


Overfull \vbox (16.34174pt too high) detected at line 558
 []

[20

 <../Thesis_work/Latex_thesis_work/img_source/system_extrinsic.png (PNG copy)> 
<../Thesis_work/Latex_thesis_work/img_source/system_plot.png (PNG copy)>]
[21

]
<../Thesis_work/Latex_thesis_work/img_source/face_2d.png, id=233, 576.1525pt x 
449.68pt> <use ../Thesis_work/Latex_thesis_work/img_source/face_2d.png>
<../Thesis_work/Latex_thesis_work/img_source/face_3d.png, id=234, 1201.48875pt 
x 925.4575pt> <use ../Thesis_work/Latex_thesis_work/img_source/face_3d.png>
<../Thesis_work/Latex_thesis_work/img_source/box_wall_2d.png, id=235, 560.0925p
t x 464.73625pt>
<use ../Thesis_work/Latex_thesis_work/img_source/box_wall_2d.png>
<../Thesis_work/Latex_thesis_work/img_source/box_wall_3d.png, id=236, 165.61874
pt x 204.765pt>
<use ../Thesis_work/Latex_thesis_work/img_source/box_wall_3d.png>
<../Thesis_work/Latex_thesis_work/img_source/chair_2d.png, id=237, 860.21375pt 
x 859.21pt> <use ../Thesis_work/Latex_thesis_work/img_source/chair_2d.png>
<../Thesis_work/Latex_thesis_work/img_source/chair_reconstruction.png, id=238, 
765.86125pt x 821.0675pt>
<use ../Thesis_work/Latex_thesis_work/img_source/chair_reconstruction.png>
<../Thesis_work/Latex_thesis_work/img_source/cup_2d.png, id=239, 106.3975pt x 1
46.5475pt> <use ../Thesis_work/Latex_thesis_work/img_source/cup_2d.png>
<../Thesis_work/Latex_thesis_work/img_source/cup_3d.png, id=240, 85.31876pt x 1
93.72375pt> <use ../Thesis_work/Latex_thesis_work/img_source/cup_3d.png>
<use ../Thesis_work/Latex_thesis_work/img_source/face_2d.png>
<use ../Thesis_work/Latex_thesis_work/img_source/face_3d.png>
<use ../Thesis_work/Latex_thesis_work/img_source/box_wall_2d.png>
<use ../Thesis_work/Latex_thesis_work/img_source/box_wall_3d.png>
<use ../Thesis_work/Latex_thesis_work/img_source/chair_2d.png>
<use ../Thesis_work/Latex_thesis_work/img_source/chair_reconstruction.png>
<use ../Thesis_work/Latex_thesis_work/img_source/cup_2d.png>
<use ../Thesis_work/Latex_thesis_work/img_source/cup_3d.png>
File: ../Thesis_work/Latex_thesis_work/img_source/face_2d.png Graphic file (typ
e png)

<use ../Thesis_work/Latex_thesis_work/img_source/face_2d.png>
File: ../Thesis_work/Latex_thesis_work/img_source/face_3d.png Graphic file (typ
e png)

<use ../Thesis_work/Latex_thesis_work/img_source/face_3d.png>
File: ../Thesis_work/Latex_thesis_work/img_source/box_wall_2d.png Graphic file 
(type png)

<use ../Thesis_work/Latex_thesis_work/img_source/box_wall_2d.png>
File: ../Thesis_work/Latex_thesis_work/img_source/box_wall_3d.png Graphic file 
(type png)

<use ../Thesis_work/Latex_thesis_work/img_source/box_wall_3d.png>
File: ../Thesis_work/Latex_thesis_work/img_source/chair_2d.png Graphic file (ty
pe png)

<use ../Thesis_work/Latex_thesis_work/img_source/chair_2d.png>
File: ../Thesis_work/Latex_thesis_work/img_source/chair_reconstruction.png Grap
hic file (type png)

<use ../Thesis_work/Latex_thesis_work/img_source/chair_reconstruction.png>
File: ../Thesis_work/Latex_thesis_work/img_source/cup_2d.png Graphic file (type
 png)

<use ../Thesis_work/Latex_thesis_work/img_source/cup_2d.png>
File: ../Thesis_work/Latex_thesis_work/img_source/cup_3d.png Graphic file (type
 png)

<use ../Thesis_work/Latex_thesis_work/img_source/cup_3d.png>
Overfull \hbox (15.6004pt too wide) in alignment at lines 646--646
[][][]
 []

[22

 <../Thesis_work/Latex_thesis_work/img_source/face_2d.png (PNG copy)> <../Thesi
s_work/Latex_thesis_work/img_source/face_3d.png (PNG copy)> <../Thesis_work/Lat
ex_thesis_work/img_source/box_wall_2d.png (PNG copy)> <../Thesis_work/Latex_the
sis_work/img_source/box_wall_3d.png (PNG copy)> <../Thesis_work/Latex_thesis_wo
rk/img_source/chair_2d.png (PNG copy)> <../Thesis_work/Latex_thesis_work/img_so
urce/chair_reconstruction.png (PNG copy)> <../Thesis_work/Latex_thesis_work/img
_source/cup_2d.png (PNG copy)> <../Thesis_work/Latex_thesis_work/img_source/cup
_3d.png (PNG copy)>]
\tf@nav=\write6
\openout6 = `presentation.nav'.

\tf@toc=\write7
\openout7 = `presentation.toc'.

\tf@snm=\write8
\openout8 = `presentation.snm'.

 (./presentation.aux)

LaTeX Font Warning: Size substitutions with differences
(Font)              up to 1.0pt have occurred.

 ) 
Here is how much of TeX's memory you used:
 27838 strings out of 495061
 648967 string characters out of 1182620
 816467 words of memory out of 3000000
 30246 multiletter control sequences out of 15000+50000
 10250 words of font info for 38 fonts, out of 3000000 for 9000
 28 hyphenation exceptions out of 8191
 50i,21n,74p,738b,682s stack positions out of 5000i,500n,10000p,200000b,50000s
</usr/share/texmf-texlive/fonts/type1/public/amsfonts/cmextra/cmex9.pfb></usr
/share/texmf-texlive/fonts/type1/public/amsfonts/cm/cmmi6.pfb></usr/share/texmf
-texlive/fonts/type1/public/amsfonts/cm/cmmi9.pfb></usr/share/texmf-texlive/fon
ts/type1/public/amsfonts/cm/cmss10.pfb></usr/share/texmf-texlive/fonts/type1/pu
blic/amsfonts/cm/cmss8.pfb></usr/share/texmf-texlive/fonts/type1/public/amsfont
s/cm/cmss9.pfb></usr/share/texmf-texlive/fonts/type1/public/amsfonts/cm/cmssbx1
0.pfb></usr/share/texmf-texlive/fonts/type1/public/amsfonts/cm/cmssi8.pfb></usr
/share/texmf-texlive/fonts/type1/public/amsfonts/cm/cmssi9.pfb></usr/share/texm
f-texlive/fonts/type1/public/amsfonts/cm/cmsy6.pfb></usr/share/texmf-texlive/fo
nts/type1/public/amsfonts/cm/cmsy9.pfb>
Output written on presentation.pdf (22 pages, 26157658 bytes).
PDF statistics:
 294 PDF objects out of 1000 (max. 8388607)
 53 named destinations out of 1000 (max. 500000)
 342 words of extra memory for PDF output out of 10000 (max. 10000000)

