\BOOKMARK [0][-]{chapter.1}{Introduction}{}
\BOOKMARK [1][-]{section.1.1}{Motivations for development and accuracy analysis of 3D scanner}{chapter.1}
\BOOKMARK [1][-]{section.1.2}{Scope of this work}{chapter.1}
\BOOKMARK [1][-]{section.1.3}{Structure of thesis}{chapter.1}
\BOOKMARK [1][-]{section.1.4}{Principle of operation and graphical layout of the developed system}{chapter.1}
\BOOKMARK [0][-]{chapter.2}{System calibration}{}
\BOOKMARK [1][-]{section.2.1}{Camera model}{chapter.2}
\BOOKMARK [2][-]{subsection.2.1.1}{Graphical abstraction}{section.2.1}
\BOOKMARK [2][-]{subsection.2.1.2}{Mathematical abstraction}{section.2.1}
\BOOKMARK [1][-]{section.2.2}{Current approaches:A review}{chapter.2}
\BOOKMARK [1][-]{section.2.3}{Approach followed in this work}{chapter.2}
\BOOKMARK [1][-]{section.2.4}{Working of developed system calibration module}{chapter.2}
\BOOKMARK [2][-]{subsection.2.4.1}{Camera calibration}{section.2.4}
\BOOKMARK [2][-]{subsection.2.4.2}{Projector calibration}{section.2.4}
\BOOKMARK [2][-]{subsection.2.4.3}{Camera-projector relative extrinsic calibration}{section.2.4}
\BOOKMARK [1][-]{section.2.5}{Discussion}{chapter.2}
\BOOKMARK [1][-]{section.2.6}{Summary}{chapter.2}
\BOOKMARK [0][-]{chapter.3}{Stereo correspondence}{}
\BOOKMARK [1][-]{section.3.1}{Overview of correspondence problem}{chapter.3}
\BOOKMARK [1][-]{section.3.2}{State-of-art approaches}{chapter.3}
\BOOKMARK [1][-]{section.3.3}{Approach followed in this work}{chapter.3}
\BOOKMARK [1][-]{section.3.4}{Working of developed stereo-correspondence modules}{chapter.3}
\BOOKMARK [2][-]{subsection.3.4.1}{Pattern generation}{section.3.4}
\BOOKMARK [2][-]{subsection.3.4.2}{Pattern projection and capture}{section.3.4}
\BOOKMARK [2][-]{subsection.3.4.3}{Phase wrapping}{section.3.4}
\BOOKMARK [2][-]{subsection.3.4.4}{Pixel decoding and phase unwrapping}{section.3.4}
\BOOKMARK [2][-]{subsection.3.4.5}{Correspondence computation using absolute phase}{section.3.4}
\BOOKMARK [1][-]{section.3.5}{Discussion}{chapter.3}
\BOOKMARK [1][-]{section.3.6}{Summary}{chapter.3}
\BOOKMARK [0][-]{chapter.4}{Triangulation}{}
\BOOKMARK [1][-]{section.4.1}{Current techniques for triangulation}{chapter.4}
\BOOKMARK [1][-]{section.4.2}{Approach followed in this work}{chapter.4}
\BOOKMARK [1][-]{section.4.3}{Working of developed triangulation module}{chapter.4}
\BOOKMARK [1][-]{section.4.4}{Procedure}{chapter.4}
\BOOKMARK [1][-]{section.4.5}{Visualization of Point clouds}{chapter.4}
\BOOKMARK [1][-]{section.4.6}{Discussion}{chapter.4}
\BOOKMARK [1][-]{section.4.7}{Summary}{chapter.4}
\BOOKMARK [0][-]{chapter.5}{Accuracy evaluation and analysis}{}
\BOOKMARK [1][-]{section.5.1}{Evaluation of accuracy and precision of developed system}{chapter.5}
\BOOKMARK [2][-]{subsection.5.1.1}{Precision}{section.5.1}
\BOOKMARK [2][-]{subsection.5.1.2}{Measurement accuracy}{section.5.1}
\BOOKMARK [1][-]{section.5.2}{Comparative evaluation with Microsoft Kinect}{chapter.5}
\BOOKMARK [2][-]{subsection.5.2.1}{Kinect:Principle of operation}{section.5.2}
\BOOKMARK [2][-]{subsection.5.2.2}{Experiments}{section.5.2}
\BOOKMARK [2][-]{subsection.5.2.3}{Observations and conclusions}{section.5.2}
\BOOKMARK [1][-]{section.5.3}{System calibration}{chapter.5}
\BOOKMARK [2][-]{subsection.5.3.1}{Experiments and results}{section.5.3}
\BOOKMARK [2][-]{subsection.5.3.2}{Limitations of the used testing method}{section.5.3}
\BOOKMARK [1][-]{section.5.4}{Stereo correspondence}{chapter.5}
\BOOKMARK [2][-]{subsection.5.4.1}{Experiments and results}{section.5.4}
\BOOKMARK [2][-]{subsection.5.4.2}{Limitations of the used testing method}{section.5.4}
\BOOKMARK [1][-]{section.5.5}{Triangulation}{chapter.5}
\BOOKMARK [1][-]{section.5.6}{Summary}{chapter.5}
\BOOKMARK [0][-]{chapter.6}{Conclusions and future works}{}
\BOOKMARK [1][-]{section.6.1}{Conclusions and proposed future works}{chapter.6}
\BOOKMARK [1][-]{section.6.2}{Contributions of this work}{chapter.6}
