This is pdfTeX, Version 3.1415926-1.40.10 (TeX Live 2009/Debian) (format=pdflatex 2012.11.24)  4 DEC 2013 16:01
entering extended mode
 %&-line parsing enabled.
**opengl_fullscreen.tex
(./opengl_fullscreen.tex
LaTeX2e <2009/09/24>
Babel <v3.8l> and hyphenation patterns for english, usenglishmax, dumylang, noh
yphenation, loaded.
(/usr/share/texmf-texlive/tex/latex/base/article.cls
Document Class: article 2007/10/19 v1.4h Standard LaTeX document class
(/usr/share/texmf-texlive/tex/latex/base/size10.clo
File: size10.clo 2007/10/19 v1.4h Standard LaTeX file (size option)
)
\c@part=\count79
\c@section=\count80
\c@subsection=\count81
\c@subsubsection=\count82
\c@paragraph=\count83
\c@subparagraph=\count84
\c@figure=\count85
\c@table=\count86
\abovecaptionskip=\skip41
\belowcaptionskip=\skip42
\bibindent=\dimen102
)
(/usr/share/texmf-texlive/tex/latex/listings/listings.sty
(/usr/share/texmf-texlive/tex/latex/graphics/keyval.sty
Package: keyval 1999/03/16 v1.13 key=value parser (DPC)
\KV@toks@=\toks14
)
\lst@mode=\count87
\lst@gtempboxa=\box26
\lst@token=\toks15
\lst@length=\count88
\lst@currlwidth=\dimen103
\lst@column=\count89
\lst@pos=\count90
\lst@lostspace=\dimen104
\lst@width=\dimen105
\lst@newlines=\count91
\lst@lineno=\count92
\lst@maxwidth=\dimen106

(/usr/share/texmf-texlive/tex/latex/listings/lstmisc.sty
File: lstmisc.sty 2007/02/22 1.4 (Carsten Heinz)
\c@lstnumber=\count93
\lst@skipnumbers=\count94
\lst@framebox=\box27
)
(/usr/share/texmf-texlive/tex/latex/listings/listings.cfg
File: listings.cfg 2007/02/22 1.4 listings configuration
))
Package: listings 2007/02/22 1.4 (Carsten Heinz)

(/usr/share/texmf-texlive/tex/latex/listings/lstlang1.sty
File: lstlang1.sty 2004/09/05 1.3 listings language file
)
(/usr/share/texmf-texlive/tex/latex/listings/lstmisc.sty
File: lstmisc.sty 2007/02/22 1.4 (Carsten Heinz)
)
(/usr/share/texmf-texlive/tex/latex/graphics/color.sty
Package: color 2005/11/14 v1.0j Standard LaTeX Color (DPC)

(/etc/texmf/tex/latex/config/color.cfg
File: color.cfg 2007/01/18 v1.5 color configuration of teTeX/TeXLive
)
Package color Info: Driver file: pdftex.def on input line 130.

(/usr/share/texmf-texlive/tex/latex/pdftex-def/pdftex.def
File: pdftex.def 2010/03/12 v0.04p Graphics/color for pdfTeX
\Gread@gobject=\count95
))
(/usr/share/texmf/tex/latex/xcolor/xcolor.sty
Package: xcolor 2007/01/21 v2.11 LaTeX color extensions (UK)

(/etc/texmf/tex/latex/config/color.cfg
File: color.cfg 2007/01/18 v1.5 color configuration of teTeX/TeXLive
)
Package xcolor Info: Driver file: pdftex.def on input line 225.
LaTeX Info: Redefining \color on input line 702.
Package xcolor Info: Model `cmy' substituted by `cmy0' on input line 1337.
Package xcolor Info: Model `hsb' substituted by `rgb' on input line 1341.
Package xcolor Info: Model `RGB' extended on input line 1353.
Package xcolor Info: Model `HTML' substituted by `rgb' on input line 1355.
Package xcolor Info: Model `Hsb' substituted by `hsb' on input line 1356.
Package xcolor Info: Model `tHsb' substituted by `hsb' on input line 1357.
Package xcolor Info: Model `HSB' substituted by `hsb' on input line 1358.
Package xcolor Info: Model `Gray' substituted by `gray' on input line 1359.
Package xcolor Info: Model `wave' substituted by `hsb' on input line 1360.
)
(/usr/share/texmf-texlive/tex/latex/caption/caption.sty
Package: caption 2009/10/09 v3.1k Customizing captions (AR)

(/usr/share/texmf-texlive/tex/latex/caption/caption3.sty
Package: caption3 2009/10/09 v3.1k caption3 kernel (AR)
\captionmargin=\dimen107
\captionmargin@=\dimen108
\captionwidth=\dimen109
\caption@indent=\dimen110
\caption@parindent=\dimen111
\caption@hangindent=\dimen112
)
\c@ContinuedFloat=\count96
Package caption Info: listings package is loaded.
)
(./opengl_fullscreen.aux)
\openout1 = `opengl_fullscreen.aux'.

LaTeX Font Info:    Checking defaults for OML/cmm/m/it on input line 12.
LaTeX Font Info:    ... okay on input line 12.
LaTeX Font Info:    Checking defaults for T1/cmr/m/n on input line 12.
LaTeX Font Info:    ... okay on input line 12.
LaTeX Font Info:    Checking defaults for OT1/cmr/m/n on input line 12.
LaTeX Font Info:    ... okay on input line 12.
LaTeX Font Info:    Checking defaults for OMS/cmsy/m/n on input line 12.
LaTeX Font Info:    ... okay on input line 12.
LaTeX Font Info:    Checking defaults for OMX/cmex/m/n on input line 12.
LaTeX Font Info:    ... okay on input line 12.
LaTeX Font Info:    Checking defaults for U/cmr/m/n on input line 12.
LaTeX Font Info:    ... okay on input line 12.
\c@lstlisting=\count97

(/usr/share/texmf-texlive/tex/context/base/supp-pdf.mkii
[Loading MPS to PDF converter (version 2006.09.02).]
\scratchcounter=\count98
\scratchdimen=\dimen113
\scratchbox=\box28
\nofMPsegments=\count99
\nofMParguments=\count100
\everyMPshowfont=\toks16
\MPscratchCnt=\count101
\MPscratchDim=\dimen114
\MPnumerator=\count102
\everyMPtoPDFconversion=\toks17
)
Package caption Info: Begin \AtBeginDocument code.
Package caption Info: End \AtBeginDocument code.
LaTeX Font Info:    External font `cmex10' loaded for size
(Font)              <12> on input line 15.
LaTeX Font Info:    External font `cmex10' loaded for size
(Font)              <8> on input line 15.
LaTeX Font Info:    External font `cmex10' loaded for size
(Font)              <6> on input line 15.


LaTeX Warning: No \author given.


Overfull \hbox (6.9907pt too wide) in paragraph at lines 18--19
[]\OT1/cmr/m/n/9 This re-port de-mostrates the stan-dard OpenGL graph-ics pipel
ine through
 []

[1

{/var/lib/texmf/fonts/map/pdftex/updmap/pdftex.map}]
LaTeX Font Info:    External font `cmex10' loaded for size
(Font)              <7> on input line 31.
LaTeX Font Info:    External font `cmex10' loaded for size
(Font)              <5> on input line 31.

Overfull \hbox (6.0pt too wide) in paragraph at lines 31--31
[][][][][][][] 
 []

LaTeX Font Info:    Try loading font information for OMS+cmr on input line 35.
(/usr/share/texmf-texlive/tex/latex/base/omscmr.fd
File: omscmr.fd 1999/05/25 v2.5h Standard LaTeX font definitions
)
LaTeX Font Info:    Font shape `OMS/cmr/m/n' in size <10> not available
(Font)              Font shape `OMS/cmsy/m/n' tried instead on input line 35.

Overfull \hbox (27.00378pt too wide) in paragraph at lines 36--37
[][][][][][][][][][]
 []

[2]
Overfull \hbox (6.0pt too wide) in paragraph at lines 61--61
[][][][][][][] 
 []


Overfull \hbox (6.0pt too wide) in paragraph at lines 68--68
[][][][][][][] 
 []


Overfull \hbox (22.24841pt too wide) in paragraph at lines 74--76
[]\OT1/cmr/m/n/10 Accumulation buffer TO BE DONE???????????????????????????????
????????? 
 []


Overfull \hbox (6.0pt too wide) in paragraph at lines 83--83
[][][][][][][] 
 []

[3]
Overfull \hbox (6.0pt too wide) in paragraph at lines 107--107
[][][][][][][] 
 []


Overfull \hbox (75.00427pt too wide) in paragraph at lines 125--126
[][][][][][][][][][][][][][] 
 []


Overfull \hbox (117.0047pt too wide) in paragraph at lines 126--127
[][][][][][][][][][][][][][][][] 
 []

LaTeX Font Info:    Try loading font information for OML+cmr on input line 128.

(/usr/share/texmf-texlive/tex/latex/base/omlcmr.fd
File: omlcmr.fd 1999/05/25 v2.5h Standard LaTeX font definitions
)
LaTeX Font Info:    Font shape `OML/cmr/m/n' in size <10> not available
(Font)              Font shape `OML/cmm/m/it' tried instead on input line 128.

Overfull \hbox (9.0036pt too wide) in paragraph at lines 128--129
[][][][][][][][][][][][][][][][][][] 
 []


Overfull \hbox (201.00555pt too wide) in paragraph at lines 132--133
[][][][][][][][][][][][][][][][][] 
 []


Overfull \hbox (129.00482pt too wide) in paragraph at lines 133--134
[][][][][][][][][][][][][][][] 
 []

[4]
Overfull \hbox (27.00378pt too wide) in paragraph at lines 145--146
[][][][][][][][] 
 []


Overfull \hbox (27.00378pt too wide) in paragraph at lines 147--148
[][][][][][][][] 
 []


Overfull \hbox (27.00378pt too wide) in paragraph at lines 149--150
[][][][][][][][] 
 []


Overfull \hbox (27.00378pt too wide) in paragraph at lines 151--152
[][][][][][][][] 
 []


Overfull \hbox (45.00397pt too wide) in paragraph at lines 176--177
[][][][][][][][][][][][][][][][][][][][][][][][][] 
 []

[5] [6] (./opengl_fullscreen.aux) ) 
Here is how much of TeX's memory you used:
 3645 strings out of 495061
 53198 string characters out of 1182620
 138192 words of memory out of 3000000
 6838 multiletter control sequences out of 15000+50000
 9193 words of font info for 32 fonts, out of 3000000 for 9000
 28 hyphenation exceptions out of 8191
 36i,6n,49p,1082b,1437s stack positions out of 5000i,500n,10000p,200000b,50000s
</usr/share/texmf-texlive/fonts/type1/public
/amsfonts/cm/cmbx10.pfb></usr/share/texmf-texlive/fonts/type1/public/amsfonts/c
m/cmbx12.pfb></usr/share/texmf-texlive/fonts/type1/public/amsfonts/cm/cmbx9.pfb
></usr/share/texmf-texlive/fonts/type1/public/amsfonts/cm/cmmi10.pfb></usr/shar
e/texmf-texlive/fonts/type1/public/amsfonts/cm/cmr10.pfb></usr/share/texmf-texl
ive/fonts/type1/public/amsfonts/cm/cmr12.pfb></usr/share/texmf-texlive/fonts/ty
pe1/public/amsfonts/cm/cmr17.pfb></usr/share/texmf-texlive/fonts/type1/public/a
msfonts/cm/cmr9.pfb></usr/share/texmf-texlive/fonts/type1/public/amsfonts/cm/cm
sy10.pfb></usr/share/texmf-texlive/fonts/type1/public/amsfonts/cm/cmti10.pfb></
usr/share/texmf-texlive/fonts/type1/public/amsfonts/cm/cmti9.pfb>
Output written on opengl_fullscreen.pdf (6 pages, 157435 bytes).
PDF statistics:
 65 PDF objects out of 1000 (max. 8388607)
 0 named destinations out of 1000 (max. 500000)
 1 words of extra memory for PDF output out of 10000 (max. 10000000)

